[2021-12-11 20:49:27,822] multiqc                                            [DEBUG  ]  No MultiQC config found: /home/zpzhou/software/conda3/envs/RNApipe/lib/python3.9/site-packages/multiqc_config.yaml
[2021-12-11 20:49:27,822] multiqc                                            [DEBUG  ]  No MultiQC config found: /home/zpzhou/.multiqc_config.yaml
[2021-12-11 20:49:27,822] multiqc                                            [DEBUG  ]  No MultiQC config found: multiqc_config.yaml
[2021-12-11 20:49:27,822] multiqc                                            [DEBUG  ]  Command used: /home/zpzhou/software/conda3/envs/RNApipe/bin/multiqc project/human_data/output/trim/fastp/fastqc_after_trimming --filename project/human_data/output/visualize/report/report_quality_control_after_trimming.html
[2021-12-11 20:49:27,835] multiqc                                            [DEBUG  ]  Could not connect to multiqc.info for version check: <urlopen error [Errno -3] Temporary failure in name resolution>
[2021-12-11 20:49:27,835] multiqc                                            [INFO   ]  This is MultiQC v1.10.1
[2021-12-11 20:49:27,835] multiqc                                            [DEBUG  ]  Command     : /home/zpzhou/software/conda3/envs/RNApipe/bin/multiqc project/human_data/output/trim/fastp/fastqc_after_trimming --filename project/human_data/output/visualize/report/report_quality_control_after_trimming.html
[2021-12-11 20:49:27,835] multiqc                                            [DEBUG  ]  Working dir : /home/zpzhou/wuyue/snakemake/RNApipe
[2021-12-11 20:49:27,835] multiqc                                            [INFO   ]  Template    : default
[2021-12-11 20:49:27,835] multiqc                                            [DEBUG  ]  Running Python 3.9.5 (default, Jun  4 2021, 12:28:51)  [GCC 7.5.0]
[2021-12-11 20:49:27,835] multiqc                                            [INFO   ]  Searching   : /home/zpzhou/wuyue/snakemake/RNApipe/project/human_data/output/trim/fastp/fastqc_after_trimming
[2021-12-11 20:49:27,836] multiqc                                            [DEBUG  ]  Analysing modules: custom_content, ngsderive, purple, conpair, peddy, somalier, methylQA, mosdepth, phantompeakqualtools, qualimap, preseq, quast, qorts, rna_seqc, rockhopper, rsem, rseqc, busco, goleft_indexcov, disambiguate, supernova, deeptools, sargasso, verifybamid, mirtrace, happy, mirtop, homer, hops, macs2, theta2, snpeff, gatk, htseq, bcftools, featureCounts, fgbio, dragen, dedup, damageprofiler, biobambam2, jcvi, mtnucratio, picard, sentieon, prokka, qc3C, samblaster, samtools, sexdeterrmine, eigenstratdatabasetools, bamtools, jellyfish, vcftools, longranger, stacks, varscan2, bbmap, bismark, biscuit, hicexplorer, hicup, hicpro, salmon, kallisto, slamdunk, star, hisat2, tophat, bowtie2, bowtie1, snpsplit, kat, leehom, adapterRemoval, clipandmerge, cutadapt, flexbar, kaiju, kraken, malt, trimmomatic, sickle, skewer, sortmerna, biobloomtools, fastq_screen, afterqc, fastp, fastqc, pychopper, pycoqc, minionqc, multivcfanalyzer, clusterflow, bcl2fastq, interop, ivar, flash, seqyclean, optitype
[2021-12-11 20:49:27,839] multiqc                                            [DEBUG  ]  Using temporary directory for creating report: /tmp/tmphuf5f7__
[2021-12-11 20:49:28,027] multiqc                                            [DEBUG  ]  File ignored by hicexplorer because it exceeded search pattern filesize limit: ESR1_Y537C_3_R1_trimmed_fastqc.html
[2021-12-11 20:49:28,033] multiqc                                            [DEBUG  ]  File ignored by longranger/invocation because it exceeded search pattern filesize limit: ESR1_Y537C_3_R1_trimmed_fastqc.html
[2021-12-11 20:49:28,084] multiqc                                            [DEBUG  ]  File ignored by hicexplorer because it exceeded search pattern filesize limit: ESR1_Y537C_2_R2_trimmed_fastqc.html
[2021-12-11 20:49:28,089] multiqc                                            [DEBUG  ]  File ignored by longranger/invocation because it exceeded search pattern filesize limit: ESR1_Y537C_2_R2_trimmed_fastqc.html
[2021-12-11 20:49:28,131] multiqc                                            [DEBUG  ]  File ignored by hicexplorer because it exceeded search pattern filesize limit: WT_1_R1_trimmed_fastqc.html
[2021-12-11 20:49:28,135] multiqc                                            [DEBUG  ]  File ignored by longranger/invocation because it exceeded search pattern filesize limit: WT_1_R1_trimmed_fastqc.html
[2021-12-11 20:49:28,175] multiqc                                            [DEBUG  ]  File ignored by hicexplorer because it exceeded search pattern filesize limit: WT_1_R2_trimmed_fastqc.html
[2021-12-11 20:49:28,179] multiqc                                            [DEBUG  ]  File ignored by longranger/invocation because it exceeded search pattern filesize limit: WT_1_R2_trimmed_fastqc.html
[2021-12-11 20:49:28,218] multiqc                                            [DEBUG  ]  File ignored by hicexplorer because it exceeded search pattern filesize limit: WT_2_R1_trimmed_fastqc.html
[2021-12-11 20:49:28,222] multiqc                                            [DEBUG  ]  File ignored by longranger/invocation because it exceeded search pattern filesize limit: WT_2_R1_trimmed_fastqc.html
[2021-12-11 20:49:28,262] multiqc                                            [DEBUG  ]  File ignored by hicexplorer because it exceeded search pattern filesize limit: ESR1_Y537C_3_R2_trimmed_fastqc.html
[2021-12-11 20:49:28,266] multiqc                                            [DEBUG  ]  File ignored by longranger/invocation because it exceeded search pattern filesize limit: ESR1_Y537C_3_R2_trimmed_fastqc.html
[2021-12-11 20:49:28,306] multiqc                                            [DEBUG  ]  File ignored by hicexplorer because it exceeded search pattern filesize limit: WT_3_R2_trimmed_fastqc.html
[2021-12-11 20:49:28,309] multiqc                                            [DEBUG  ]  File ignored by longranger/invocation because it exceeded search pattern filesize limit: WT_3_R2_trimmed_fastqc.html
[2021-12-11 20:49:28,349] multiqc                                            [DEBUG  ]  File ignored by hicexplorer because it exceeded search pattern filesize limit: ESR1_Y537C_2_R1_trimmed_fastqc.html
[2021-12-11 20:49:28,353] multiqc                                            [DEBUG  ]  File ignored by longranger/invocation because it exceeded search pattern filesize limit: ESR1_Y537C_2_R1_trimmed_fastqc.html
[2021-12-11 20:49:28,391] multiqc                                            [DEBUG  ]  File ignored by hicexplorer because it exceeded search pattern filesize limit: WT_3_R1_trimmed_fastqc.html
[2021-12-11 20:49:28,395] multiqc                                            [DEBUG  ]  File ignored by longranger/invocation because it exceeded search pattern filesize limit: WT_3_R1_trimmed_fastqc.html
[2021-12-11 20:49:28,433] multiqc                                            [DEBUG  ]  File ignored by hicexplorer because it exceeded search pattern filesize limit: ESR1_Y537C_1_R1_trimmed_fastqc.html
[2021-12-11 20:49:28,437] multiqc                                            [DEBUG  ]  File ignored by longranger/invocation because it exceeded search pattern filesize limit: ESR1_Y537C_1_R1_trimmed_fastqc.html
[2021-12-11 20:49:28,476] multiqc                                            [DEBUG  ]  File ignored by hicexplorer because it exceeded search pattern filesize limit: WT_2_R2_trimmed_fastqc.html
[2021-12-11 20:49:28,480] multiqc                                            [DEBUG  ]  File ignored by longranger/invocation because it exceeded search pattern filesize limit: WT_2_R2_trimmed_fastqc.html
[2021-12-11 20:49:28,519] multiqc                                            [DEBUG  ]  File ignored by hicexplorer because it exceeded search pattern filesize limit: ESR1_Y537C_1_R2_trimmed_fastqc.html
[2021-12-11 20:49:28,523] multiqc                                            [DEBUG  ]  File ignored by longranger/invocation because it exceeded search pattern filesize limit: ESR1_Y537C_1_R2_trimmed_fastqc.html
[2021-12-11 20:49:29,088] multiqc.plots.bargraph                             [DEBUG  ]  Using matplotlib version 3.3.4
[2021-12-11 20:49:29,090] multiqc.plots.linegraph                            [DEBUG  ]  Using matplotlib version 3.3.4
[2021-12-11 20:49:29,093] multiqc                                            [DEBUG  ]  No samples found: custom_content
[2021-12-11 20:49:29,102] multiqc                                            [DEBUG  ]  No samples found: ngsderive
[2021-12-11 20:49:29,111] multiqc                                            [DEBUG  ]  No samples found: purple
[2021-12-11 20:49:29,120] multiqc                                            [DEBUG  ]  No samples found: conpair
[2021-12-11 20:49:29,129] multiqc                                            [DEBUG  ]  No samples found: peddy
[2021-12-11 20:49:29,138] multiqc                                            [DEBUG  ]  No samples found: somalier
[2021-12-11 20:49:29,147] multiqc                                            [DEBUG  ]  No samples found: methylQA
[2021-12-11 20:49:29,161] multiqc                                            [DEBUG  ]  No samples found: mosdepth
[2021-12-11 20:49:29,170] multiqc                                            [DEBUG  ]  No samples found: phantompeakqualtools
[2021-12-11 20:49:29,176] multiqc                                            [DEBUG  ]  No samples found: qualimap
[2021-12-11 20:49:29,185] multiqc                                            [DEBUG  ]  No samples found: preseq
[2021-12-11 20:49:29,194] multiqc                                            [DEBUG  ]  No samples found: quast
[2021-12-11 20:49:29,203] multiqc                                            [DEBUG  ]  No samples found: qorts
[2021-12-11 20:49:29,211] multiqc                                            [DEBUG  ]  No samples found: rna_seqc
[2021-12-11 20:49:29,220] multiqc                                            [DEBUG  ]  No samples found: rockhopper
[2021-12-11 20:49:29,229] multiqc                                            [DEBUG  ]  No samples found: rsem
[2021-12-11 20:49:29,249] multiqc                                            [DEBUG  ]  No samples found: rseqc
[2021-12-11 20:49:29,258] multiqc                                            [DEBUG  ]  No samples found: busco
[2021-12-11 20:49:29,268] multiqc                                            [DEBUG  ]  No samples found: goleft_indexcov
[2021-12-11 20:49:29,278] multiqc                                            [DEBUG  ]  No samples found: disambiguate
[2021-12-11 20:49:29,288] multiqc                                            [DEBUG  ]  No samples found: supernova
[2021-12-11 20:49:29,309] multiqc                                            [DEBUG  ]  No samples found: deeptools
[2021-12-11 20:49:29,319] multiqc                                            [DEBUG  ]  No samples found: sargasso
[2021-12-11 20:49:29,329] multiqc                                            [DEBUG  ]  No samples found: verifybamid
[2021-12-11 20:49:29,339] multiqc                                            [DEBUG  ]  No samples found: mirtrace
[2021-12-11 20:49:29,349] multiqc                                            [DEBUG  ]  No samples found: happy
[2021-12-11 20:49:29,358] multiqc                                            [DEBUG  ]  No samples found: mirtop
[2021-12-11 20:49:29,370] multiqc                                            [DEBUG  ]  No samples found: homer
[2021-12-11 20:49:29,379] multiqc                                            [DEBUG  ]  No samples found: hops
[2021-12-11 20:49:29,389] multiqc                                            [DEBUG  ]  No samples found: macs2
[2021-12-11 20:49:29,398] multiqc                                            [DEBUG  ]  No samples found: theta2
[2021-12-11 20:49:29,408] multiqc                                            [DEBUG  ]  No samples found: snpeff
[2021-12-11 20:49:29,420] multiqc                                            [DEBUG  ]  No samples found: gatk
[2021-12-11 20:49:29,429] multiqc                                            [DEBUG  ]  No samples found: htseq
[2021-12-11 20:49:29,439] multiqc                                            [DEBUG  ]  No samples found: bcftools
[2021-12-11 20:49:29,449] multiqc                                            [DEBUG  ]  No samples found: featureCounts
[2021-12-11 20:49:29,465] multiqc                                            [DEBUG  ]  No samples found: fgbio
[2021-12-11 20:49:29,486] multiqc                                            [DEBUG  ]  No samples found: dragen
[2021-12-11 20:49:29,496] multiqc                                            [DEBUG  ]  No samples found: dedup
[2021-12-11 20:49:29,505] multiqc                                            [DEBUG  ]  No samples found: damageprofiler
[2021-12-11 20:49:29,542] multiqc                                            [DEBUG  ]  No samples found: biobambam2
[2021-12-11 20:49:29,552] multiqc                                            [DEBUG  ]  No samples found: jcvi
[2021-12-11 20:49:29,562] multiqc                                            [DEBUG  ]  No samples found: mtnucratio
[2021-12-11 20:49:29,568] multiqc                                            [DEBUG  ]  No samples found: picard
[2021-12-11 20:49:29,581] multiqc                                            [DEBUG  ]  No samples found: sentieon
[2021-12-11 20:49:29,590] multiqc                                            [DEBUG  ]  No samples found: prokka
[2021-12-11 20:49:29,600] multiqc                                            [DEBUG  ]  No samples found: qc3C
[2021-12-11 20:49:29,612] multiqc                                            [DEBUG  ]  No samples found: samblaster
[2021-12-11 20:49:29,627] multiqc                                            [DEBUG  ]  No samples found: samtools
[2021-12-11 20:49:29,636] multiqc                                            [DEBUG  ]  No samples found: sexdeterrmine
[2021-12-11 20:49:29,646] multiqc                                            [DEBUG  ]  No samples found: eigenstratdatabasetools
[2021-12-11 20:49:29,656] multiqc                                            [DEBUG  ]  No samples found: bamtools
[2021-12-11 20:49:29,665] multiqc                                            [DEBUG  ]  No samples found: jellyfish
[2021-12-11 20:49:29,680] multiqc                                            [DEBUG  ]  No samples found: vcftools
[2021-12-11 20:49:29,689] multiqc                                            [DEBUG  ]  No samples found: longranger
[2021-12-11 20:49:29,699] multiqc                                            [DEBUG  ]  No samples found: stacks
[2021-12-11 20:49:29,708] multiqc                                            [DEBUG  ]  No samples found: varscan2
[2021-12-11 20:49:29,731] multiqc                                            [DEBUG  ]  No samples found: bbmap
[2021-12-11 20:49:29,741] multiqc                                            [DEBUG  ]  No samples found: bismark
[2021-12-11 20:49:29,751] multiqc                                            [DEBUG  ]  No samples found: biscuit
[2021-12-11 20:49:29,761] multiqc                                            [DEBUG  ]  No samples found: hicexplorer
[2021-12-11 20:49:29,771] multiqc                                            [DEBUG  ]  No samples found: hicup
[2021-12-11 20:49:29,780] multiqc                                            [DEBUG  ]  No samples found: hicpro
[2021-12-11 20:49:29,789] multiqc                                            [DEBUG  ]  No samples found: salmon
[2021-12-11 20:49:29,799] multiqc                                            [DEBUG  ]  No samples found: kallisto
[2021-12-11 20:49:29,808] multiqc                                            [DEBUG  ]  No samples found: slamdunk
[2021-12-11 20:49:29,817] multiqc                                            [DEBUG  ]  No samples found: star
[2021-12-11 20:49:29,827] multiqc                                            [DEBUG  ]  No samples found: hisat2
[2021-12-11 20:49:29,836] multiqc                                            [DEBUG  ]  No samples found: tophat
[2021-12-11 20:49:29,845] multiqc                                            [DEBUG  ]  No samples found: bowtie2
[2021-12-11 20:49:29,854] multiqc                                            [DEBUG  ]  No samples found: bowtie1
[2021-12-11 20:49:29,864] multiqc                                            [DEBUG  ]  No samples found: snpsplit
[2021-12-11 20:49:29,872] multiqc                                            [DEBUG  ]  No samples found: kat
[2021-12-11 20:49:29,881] multiqc                                            [DEBUG  ]  No samples found: leehom
[2021-12-11 20:49:29,890] multiqc                                            [DEBUG  ]  No samples found: adapterRemoval
[2021-12-11 20:49:29,899] multiqc                                            [DEBUG  ]  No samples found: clipandmerge
[2021-12-11 20:49:29,908] multiqc                                            [DEBUG  ]  No samples found: cutadapt
[2021-12-11 20:49:29,917] multiqc                                            [DEBUG  ]  No samples found: flexbar
[2021-12-11 20:49:29,926] multiqc                                            [DEBUG  ]  No samples found: kaiju
[2021-12-11 20:49:29,935] multiqc                                            [DEBUG  ]  No samples found: kraken
[2021-12-11 20:49:29,944] multiqc                                            [DEBUG  ]  No samples found: malt
[2021-12-11 20:49:29,953] multiqc                                            [DEBUG  ]  No samples found: trimmomatic
[2021-12-11 20:49:29,962] multiqc                                            [DEBUG  ]  No samples found: sickle
[2021-12-11 20:49:29,970] multiqc                                            [DEBUG  ]  No samples found: skewer
[2021-12-11 20:49:29,979] multiqc                                            [DEBUG  ]  No samples found: sortmerna
[2021-12-11 20:49:29,988] multiqc                                            [DEBUG  ]  No samples found: biobloomtools
[2021-12-11 20:49:29,997] multiqc                                            [DEBUG  ]  No samples found: fastq_screen
[2021-12-11 20:49:30,006] multiqc                                            [DEBUG  ]  No samples found: afterqc
[2021-12-11 20:49:30,015] multiqc                                            [DEBUG  ]  No samples found: fastp
[2021-12-11 20:49:30,065] multiqc.modules.fastqc.fastqc                      [INFO   ]  Found 12 reports
[2021-12-11 20:49:30,304] multiqc                                            [DEBUG  ]  No samples found: pychopper
[2021-12-11 20:49:30,311] multiqc                                            [DEBUG  ]  No samples found: pycoqc
[2021-12-11 20:49:30,317] multiqc                                            [DEBUG  ]  No samples found: minionqc
[2021-12-11 20:49:30,324] multiqc                                            [DEBUG  ]  No samples found: multivcfanalyzer
[2021-12-11 20:49:30,331] multiqc                                            [DEBUG  ]  No samples found: clusterflow
[2021-12-11 20:49:30,338] multiqc                                            [DEBUG  ]  No samples found: bcl2fastq
[2021-12-11 20:49:30,345] multiqc                                            [DEBUG  ]  No samples found: interop
[2021-12-11 20:49:30,352] multiqc                                            [DEBUG  ]  No samples found: ivar
[2021-12-11 20:49:30,359] multiqc                                            [DEBUG  ]  No samples found: flash
[2021-12-11 20:49:30,367] multiqc                                            [DEBUG  ]  No samples found: seqyclean
[2021-12-11 20:49:30,375] multiqc                                            [DEBUG  ]  No samples found: optitype
[2021-12-11 20:49:30,399] multiqc                                            [INFO   ]  Compressing plot data
[2021-12-11 20:49:30,597] multiqc                                            [INFO   ]  Report      : project/human_data/output/visualize/report/report_quality_control_after_trimming.html
[2021-12-11 20:49:30,597] multiqc                                            [INFO   ]  Data        : project/human_data/output/visualize/report/report_quality_control_after_trimming_data
[2021-12-11 20:49:30,597] multiqc                                            [DEBUG  ]  Moving data file from '/tmp/tmphuf5f7__/multiqc_data' to '/home/zpzhou/wuyue/snakemake/RNApipe/project/human_data/output/visualize/report/report_quality_control_after_trimming_data'
[2021-12-11 20:49:30,828] multiqc                                            [INFO   ]  MultiQC complete
