[2021-12-11 19:42:58,357] multiqc                                            [DEBUG  ]  No MultiQC config found: /home/zpzhou/software/conda3/envs/RNApipe/lib/python3.9/site-packages/multiqc_config.yaml
[2021-12-11 19:42:58,357] multiqc                                            [DEBUG  ]  No MultiQC config found: /home/zpzhou/.multiqc_config.yaml
[2021-12-11 19:42:58,357] multiqc                                            [DEBUG  ]  No MultiQC config found: multiqc_config.yaml
[2021-12-11 19:42:58,357] multiqc                                            [DEBUG  ]  Command used: /home/zpzhou/software/conda3/envs/RNApipe/bin/multiqc project/Mus_data/output/trim/fastp/fastqc_after_trimming --filename project/Mus_data/output/visualize/report/report_quality_control_after_trimming.html
[2021-12-11 19:42:58,368] multiqc                                            [DEBUG  ]  Could not connect to multiqc.info for version check: <urlopen error [Errno -3] Temporary failure in name resolution>
[2021-12-11 19:42:58,368] multiqc                                            [INFO   ]  This is MultiQC v1.10.1
[2021-12-11 19:42:58,369] multiqc                                            [DEBUG  ]  Command     : /home/zpzhou/software/conda3/envs/RNApipe/bin/multiqc project/Mus_data/output/trim/fastp/fastqc_after_trimming --filename project/Mus_data/output/visualize/report/report_quality_control_after_trimming.html
[2021-12-11 19:42:58,369] multiqc                                            [DEBUG  ]  Working dir : /home/zpzhou/wuyue/snakemake/RNApipe
[2021-12-11 19:42:58,369] multiqc                                            [INFO   ]  Template    : default
[2021-12-11 19:42:58,369] multiqc                                            [DEBUG  ]  Running Python 3.9.5 (default, Jun  4 2021, 12:28:51)  [GCC 7.5.0]
[2021-12-11 19:42:58,369] multiqc                                            [INFO   ]  Searching   : /home/zpzhou/wuyue/snakemake/RNApipe/project/Mus_data/output/trim/fastp/fastqc_after_trimming
[2021-12-11 19:42:58,370] multiqc                                            [DEBUG  ]  Analysing modules: custom_content, ngsderive, purple, conpair, peddy, somalier, methylQA, mosdepth, phantompeakqualtools, qualimap, preseq, quast, qorts, rna_seqc, rockhopper, rsem, rseqc, busco, goleft_indexcov, disambiguate, supernova, deeptools, sargasso, verifybamid, mirtrace, happy, mirtop, homer, hops, macs2, theta2, snpeff, gatk, htseq, bcftools, featureCounts, fgbio, dragen, dedup, damageprofiler, biobambam2, jcvi, mtnucratio, picard, sentieon, prokka, qc3C, samblaster, samtools, sexdeterrmine, eigenstratdatabasetools, bamtools, jellyfish, vcftools, longranger, stacks, varscan2, bbmap, bismark, biscuit, hicexplorer, hicup, hicpro, salmon, kallisto, slamdunk, star, hisat2, tophat, bowtie2, bowtie1, snpsplit, kat, leehom, adapterRemoval, clipandmerge, cutadapt, flexbar, kaiju, kraken, malt, trimmomatic, sickle, skewer, sortmerna, biobloomtools, fastq_screen, afterqc, fastp, fastqc, pychopper, pycoqc, minionqc, multivcfanalyzer, clusterflow, bcl2fastq, interop, ivar, flash, seqyclean, optitype
[2021-12-11 19:42:58,373] multiqc                                            [DEBUG  ]  Using temporary directory for creating report: /tmp/tmp5lwnda3u
[2021-12-11 19:42:58,561] multiqc                                            [DEBUG  ]  File ignored by hicexplorer because it exceeded search pattern filesize limit: Fli1KO_3_R1_trimmed_fastqc.html
[2021-12-11 19:42:58,567] multiqc                                            [DEBUG  ]  File ignored by longranger/invocation because it exceeded search pattern filesize limit: Fli1KO_3_R1_trimmed_fastqc.html
[2021-12-11 19:42:58,616] multiqc                                            [DEBUG  ]  File ignored by hicexplorer because it exceeded search pattern filesize limit: Fli1KO_3_R2_trimmed_fastqc.html
[2021-12-11 19:42:58,622] multiqc                                            [DEBUG  ]  File ignored by longranger/invocation because it exceeded search pattern filesize limit: Fli1KO_3_R2_trimmed_fastqc.html
[2021-12-11 19:42:58,664] multiqc                                            [DEBUG  ]  File ignored by hicexplorer because it exceeded search pattern filesize limit: WT_1_R2_trimmed_fastqc.html
[2021-12-11 19:42:58,669] multiqc                                            [DEBUG  ]  File ignored by longranger/invocation because it exceeded search pattern filesize limit: WT_1_R2_trimmed_fastqc.html
[2021-12-11 19:42:58,712] multiqc                                            [DEBUG  ]  File ignored by hicexplorer because it exceeded search pattern filesize limit: WT_1_R1_trimmed_fastqc.html
[2021-12-11 19:42:58,716] multiqc                                            [DEBUG  ]  File ignored by longranger/invocation because it exceeded search pattern filesize limit: WT_1_R1_trimmed_fastqc.html
[2021-12-11 19:42:58,760] multiqc                                            [DEBUG  ]  File ignored by hicexplorer because it exceeded search pattern filesize limit: Fli1KO_1_R2_trimmed_fastqc.html
[2021-12-11 19:42:58,764] multiqc                                            [DEBUG  ]  File ignored by longranger/invocation because it exceeded search pattern filesize limit: Fli1KO_1_R2_trimmed_fastqc.html
[2021-12-11 19:42:58,806] multiqc                                            [DEBUG  ]  File ignored by hicexplorer because it exceeded search pattern filesize limit: Fli1KO_1_R1_trimmed_fastqc.html
[2021-12-11 19:42:58,811] multiqc                                            [DEBUG  ]  File ignored by longranger/invocation because it exceeded search pattern filesize limit: Fli1KO_1_R1_trimmed_fastqc.html
[2021-12-11 19:42:58,854] multiqc                                            [DEBUG  ]  File ignored by hicexplorer because it exceeded search pattern filesize limit: WT_3_R2_trimmed_fastqc.html
[2021-12-11 19:42:58,859] multiqc                                            [DEBUG  ]  File ignored by longranger/invocation because it exceeded search pattern filesize limit: WT_3_R2_trimmed_fastqc.html
[2021-12-11 19:42:58,902] multiqc                                            [DEBUG  ]  File ignored by hicexplorer because it exceeded search pattern filesize limit: WT_3_R1_trimmed_fastqc.html
[2021-12-11 19:42:58,907] multiqc                                            [DEBUG  ]  File ignored by longranger/invocation because it exceeded search pattern filesize limit: WT_3_R1_trimmed_fastqc.html
[2021-12-11 19:42:58,952] multiqc                                            [DEBUG  ]  File ignored by hicexplorer because it exceeded search pattern filesize limit: WT_2_R2_trimmed_fastqc.html
[2021-12-11 19:42:58,957] multiqc                                            [DEBUG  ]  File ignored by longranger/invocation because it exceeded search pattern filesize limit: WT_2_R2_trimmed_fastqc.html
[2021-12-11 19:42:59,000] multiqc                                            [DEBUG  ]  File ignored by hicexplorer because it exceeded search pattern filesize limit: WT_2_R1_trimmed_fastqc.html
[2021-12-11 19:42:59,004] multiqc                                            [DEBUG  ]  File ignored by longranger/invocation because it exceeded search pattern filesize limit: WT_2_R1_trimmed_fastqc.html
[2021-12-11 19:42:59,048] multiqc                                            [DEBUG  ]  File ignored by hicexplorer because it exceeded search pattern filesize limit: Fli1KO_2_R1_trimmed_fastqc.html
[2021-12-11 19:42:59,053] multiqc                                            [DEBUG  ]  File ignored by longranger/invocation because it exceeded search pattern filesize limit: Fli1KO_2_R1_trimmed_fastqc.html
[2021-12-11 19:42:59,095] multiqc                                            [DEBUG  ]  File ignored by hicexplorer because it exceeded search pattern filesize limit: Fli1KO_2_R2_trimmed_fastqc.html
[2021-12-11 19:42:59,099] multiqc                                            [DEBUG  ]  File ignored by longranger/invocation because it exceeded search pattern filesize limit: Fli1KO_2_R2_trimmed_fastqc.html
[2021-12-11 19:42:59,650] multiqc.plots.bargraph                             [DEBUG  ]  Using matplotlib version 3.3.4
[2021-12-11 19:42:59,651] multiqc.plots.linegraph                            [DEBUG  ]  Using matplotlib version 3.3.4
[2021-12-11 19:42:59,654] multiqc                                            [DEBUG  ]  No samples found: custom_content
[2021-12-11 19:42:59,662] multiqc                                            [DEBUG  ]  No samples found: ngsderive
[2021-12-11 19:42:59,670] multiqc                                            [DEBUG  ]  No samples found: purple
[2021-12-11 19:42:59,678] multiqc                                            [DEBUG  ]  No samples found: conpair
[2021-12-11 19:42:59,686] multiqc                                            [DEBUG  ]  No samples found: peddy
[2021-12-11 19:42:59,695] multiqc                                            [DEBUG  ]  No samples found: somalier
[2021-12-11 19:42:59,703] multiqc                                            [DEBUG  ]  No samples found: methylQA
[2021-12-11 19:42:59,715] multiqc                                            [DEBUG  ]  No samples found: mosdepth
[2021-12-11 19:42:59,724] multiqc                                            [DEBUG  ]  No samples found: phantompeakqualtools
[2021-12-11 19:42:59,730] multiqc                                            [DEBUG  ]  No samples found: qualimap
[2021-12-11 19:42:59,739] multiqc                                            [DEBUG  ]  No samples found: preseq
[2021-12-11 19:42:59,748] multiqc                                            [DEBUG  ]  No samples found: quast
[2021-12-11 19:42:59,756] multiqc                                            [DEBUG  ]  No samples found: qorts
[2021-12-11 19:42:59,764] multiqc                                            [DEBUG  ]  No samples found: rna_seqc
[2021-12-11 19:42:59,773] multiqc                                            [DEBUG  ]  No samples found: rockhopper
[2021-12-11 19:42:59,781] multiqc                                            [DEBUG  ]  No samples found: rsem
[2021-12-11 19:42:59,798] multiqc                                            [DEBUG  ]  No samples found: rseqc
[2021-12-11 19:42:59,808] multiqc                                            [DEBUG  ]  No samples found: busco
[2021-12-11 19:42:59,816] multiqc                                            [DEBUG  ]  No samples found: goleft_indexcov
[2021-12-11 19:42:59,826] multiqc                                            [DEBUG  ]  No samples found: disambiguate
[2021-12-11 19:42:59,835] multiqc                                            [DEBUG  ]  No samples found: supernova
[2021-12-11 19:42:59,854] multiqc                                            [DEBUG  ]  No samples found: deeptools
[2021-12-11 19:42:59,863] multiqc                                            [DEBUG  ]  No samples found: sargasso
[2021-12-11 19:42:59,872] multiqc                                            [DEBUG  ]  No samples found: verifybamid
[2021-12-11 19:42:59,881] multiqc                                            [DEBUG  ]  No samples found: mirtrace
[2021-12-11 19:42:59,889] multiqc                                            [DEBUG  ]  No samples found: happy
[2021-12-11 19:42:59,898] multiqc                                            [DEBUG  ]  No samples found: mirtop
[2021-12-11 19:42:59,909] multiqc                                            [DEBUG  ]  No samples found: homer
[2021-12-11 19:42:59,918] multiqc                                            [DEBUG  ]  No samples found: hops
[2021-12-11 19:42:59,927] multiqc                                            [DEBUG  ]  No samples found: macs2
[2021-12-11 19:42:59,935] multiqc                                            [DEBUG  ]  No samples found: theta2
[2021-12-11 19:42:59,944] multiqc                                            [DEBUG  ]  No samples found: snpeff
[2021-12-11 19:42:59,956] multiqc                                            [DEBUG  ]  No samples found: gatk
[2021-12-11 19:42:59,964] multiqc                                            [DEBUG  ]  No samples found: htseq
[2021-12-11 19:42:59,975] multiqc                                            [DEBUG  ]  No samples found: bcftools
[2021-12-11 19:42:59,983] multiqc                                            [DEBUG  ]  No samples found: featureCounts
[2021-12-11 19:42:59,998] multiqc                                            [DEBUG  ]  No samples found: fgbio
[2021-12-11 19:43:00,017] multiqc                                            [DEBUG  ]  No samples found: dragen
[2021-12-11 19:43:00,025] multiqc                                            [DEBUG  ]  No samples found: dedup
[2021-12-11 19:43:00,034] multiqc                                            [DEBUG  ]  No samples found: damageprofiler
[2021-12-11 19:43:00,072] multiqc                                            [DEBUG  ]  No samples found: biobambam2
[2021-12-11 19:43:00,081] multiqc                                            [DEBUG  ]  No samples found: jcvi
[2021-12-11 19:43:00,090] multiqc                                            [DEBUG  ]  No samples found: mtnucratio
[2021-12-11 19:43:00,096] multiqc                                            [DEBUG  ]  No samples found: picard
[2021-12-11 19:43:00,107] multiqc                                            [DEBUG  ]  No samples found: sentieon
[2021-12-11 19:43:00,116] multiqc                                            [DEBUG  ]  No samples found: prokka
[2021-12-11 19:43:00,125] multiqc                                            [DEBUG  ]  No samples found: qc3C
[2021-12-11 19:43:00,133] multiqc                                            [DEBUG  ]  No samples found: samblaster
[2021-12-11 19:43:00,146] multiqc                                            [DEBUG  ]  No samples found: samtools
[2021-12-11 19:43:00,154] multiqc                                            [DEBUG  ]  No samples found: sexdeterrmine
[2021-12-11 19:43:00,163] multiqc                                            [DEBUG  ]  No samples found: eigenstratdatabasetools
[2021-12-11 19:43:00,172] multiqc                                            [DEBUG  ]  No samples found: bamtools
[2021-12-11 19:43:00,181] multiqc                                            [DEBUG  ]  No samples found: jellyfish
[2021-12-11 19:43:00,194] multiqc                                            [DEBUG  ]  No samples found: vcftools
[2021-12-11 19:43:00,202] multiqc                                            [DEBUG  ]  No samples found: longranger
[2021-12-11 19:43:00,211] multiqc                                            [DEBUG  ]  No samples found: stacks
[2021-12-11 19:43:00,220] multiqc                                            [DEBUG  ]  No samples found: varscan2
[2021-12-11 19:43:00,241] multiqc                                            [DEBUG  ]  No samples found: bbmap
[2021-12-11 19:43:00,251] multiqc                                            [DEBUG  ]  No samples found: bismark
[2021-12-11 19:43:00,260] multiqc                                            [DEBUG  ]  No samples found: biscuit
[2021-12-11 19:43:00,269] multiqc                                            [DEBUG  ]  No samples found: hicexplorer
[2021-12-11 19:43:00,278] multiqc                                            [DEBUG  ]  No samples found: hicup
[2021-12-11 19:43:00,286] multiqc                                            [DEBUG  ]  No samples found: hicpro
[2021-12-11 19:43:00,295] multiqc                                            [DEBUG  ]  No samples found: salmon
[2021-12-11 19:43:00,304] multiqc                                            [DEBUG  ]  No samples found: kallisto
[2021-12-11 19:43:00,312] multiqc                                            [DEBUG  ]  No samples found: slamdunk
[2021-12-11 19:43:00,321] multiqc                                            [DEBUG  ]  No samples found: star
[2021-12-11 19:43:00,329] multiqc                                            [DEBUG  ]  No samples found: hisat2
[2021-12-11 19:43:00,338] multiqc                                            [DEBUG  ]  No samples found: tophat
[2021-12-11 19:43:00,346] multiqc                                            [DEBUG  ]  No samples found: bowtie2
[2021-12-11 19:43:00,355] multiqc                                            [DEBUG  ]  No samples found: bowtie1
[2021-12-11 19:43:00,363] multiqc                                            [DEBUG  ]  No samples found: snpsplit
[2021-12-11 19:43:00,372] multiqc                                            [DEBUG  ]  No samples found: kat
[2021-12-11 19:43:00,380] multiqc                                            [DEBUG  ]  No samples found: leehom
[2021-12-11 19:43:00,388] multiqc                                            [DEBUG  ]  No samples found: adapterRemoval
[2021-12-11 19:43:00,397] multiqc                                            [DEBUG  ]  No samples found: clipandmerge
[2021-12-11 19:43:00,405] multiqc                                            [DEBUG  ]  No samples found: cutadapt
[2021-12-11 19:43:00,414] multiqc                                            [DEBUG  ]  No samples found: flexbar
[2021-12-11 19:43:00,422] multiqc                                            [DEBUG  ]  No samples found: kaiju
[2021-12-11 19:43:00,431] multiqc                                            [DEBUG  ]  No samples found: kraken
[2021-12-11 19:43:00,440] multiqc                                            [DEBUG  ]  No samples found: malt
[2021-12-11 19:43:00,448] multiqc                                            [DEBUG  ]  No samples found: trimmomatic
[2021-12-11 19:43:00,456] multiqc                                            [DEBUG  ]  No samples found: sickle
[2021-12-11 19:43:00,465] multiqc                                            [DEBUG  ]  No samples found: skewer
[2021-12-11 19:43:00,473] multiqc                                            [DEBUG  ]  No samples found: sortmerna
[2021-12-11 19:43:00,482] multiqc                                            [DEBUG  ]  No samples found: biobloomtools
[2021-12-11 19:43:00,491] multiqc                                            [DEBUG  ]  No samples found: fastq_screen
[2021-12-11 19:43:00,499] multiqc                                            [DEBUG  ]  No samples found: afterqc
[2021-12-11 19:43:00,508] multiqc                                            [DEBUG  ]  No samples found: fastp
[2021-12-11 19:43:00,554] multiqc.modules.fastqc.fastqc                      [INFO   ]  Found 12 reports
[2021-12-11 19:43:00,791] multiqc                                            [DEBUG  ]  No samples found: pychopper
[2021-12-11 19:43:00,797] multiqc                                            [DEBUG  ]  No samples found: pycoqc
[2021-12-11 19:43:00,803] multiqc                                            [DEBUG  ]  No samples found: minionqc
[2021-12-11 19:43:00,810] multiqc                                            [DEBUG  ]  No samples found: multivcfanalyzer
[2021-12-11 19:43:00,816] multiqc                                            [DEBUG  ]  No samples found: clusterflow
[2021-12-11 19:43:00,822] multiqc                                            [DEBUG  ]  No samples found: bcl2fastq
[2021-12-11 19:43:00,829] multiqc                                            [DEBUG  ]  No samples found: interop
[2021-12-11 19:43:00,838] multiqc                                            [DEBUG  ]  No samples found: ivar
[2021-12-11 19:43:00,844] multiqc                                            [DEBUG  ]  No samples found: flash
[2021-12-11 19:43:00,851] multiqc                                            [DEBUG  ]  No samples found: seqyclean
[2021-12-11 19:43:00,858] multiqc                                            [DEBUG  ]  No samples found: optitype
[2021-12-11 19:43:00,880] multiqc                                            [INFO   ]  Compressing plot data
[2021-12-11 19:43:01,104] multiqc                                            [INFO   ]  Report      : project/Mus_data/output/visualize/report/report_quality_control_after_trimming.html
[2021-12-11 19:43:01,104] multiqc                                            [INFO   ]  Data        : project/Mus_data/output/visualize/report/report_quality_control_after_trimming_data
[2021-12-11 19:43:01,104] multiqc                                            [DEBUG  ]  Moving data file from '/tmp/tmp5lwnda3u/multiqc_data' to '/home/zpzhou/wuyue/snakemake/RNApipe/project/Mus_data/output/visualize/report/report_quality_control_after_trimming_data'
[2021-12-11 19:43:01,253] multiqc                                            [INFO   ]  MultiQC complete
