[2022-02-26 00:01:25,331] multiqc                                            [DEBUG  ]  No MultiQC config found: /home/zpzhou/software/conda3/envs/RNApipe/lib/python3.9/site-packages/multiqc_config.yaml
[2022-02-26 00:01:25,331] multiqc                                            [DEBUG  ]  No MultiQC config found: /home/zpzhou/.multiqc_config.yaml
[2022-02-26 00:01:25,332] multiqc                                            [DEBUG  ]  No MultiQC config found: multiqc_config.yaml
[2022-02-26 00:01:25,332] multiqc                                            [DEBUG  ]  Command used: /home/zpzhou/software/conda3/envs/RNApipe/bin/multiqc project/Nc_data/output/trim/fastp/fastqc_after_trimming --filename project/Nc_data/output/visualize/report/report_quality_control_after_trimming.html
[2022-02-26 00:01:25,362] multiqc                                            [DEBUG  ]  Could not connect to multiqc.info for version check: <urlopen error [Errno -3] Temporary failure in name resolution>
[2022-02-26 00:01:25,362] multiqc                                            [INFO   ]  This is MultiQC v1.10.1
[2022-02-26 00:01:25,363] multiqc                                            [DEBUG  ]  Command     : /home/zpzhou/software/conda3/envs/RNApipe/bin/multiqc project/Nc_data/output/trim/fastp/fastqc_after_trimming --filename project/Nc_data/output/visualize/report/report_quality_control_after_trimming.html
[2022-02-26 00:01:25,363] multiqc                                            [DEBUG  ]  Working dir : /home/zpzhou/wuyue/snakemake/RNApipe
[2022-02-26 00:01:25,363] multiqc                                            [INFO   ]  Template    : default
[2022-02-26 00:01:25,363] multiqc                                            [DEBUG  ]  Running Python 3.9.5 (default, Jun  4 2021, 12:28:51)  [GCC 7.5.0]
[2022-02-26 00:01:25,363] multiqc                                            [INFO   ]  Searching   : /home/zpzhou/wuyue/snakemake/RNApipe/project/Nc_data/output/trim/fastp/fastqc_after_trimming
[2022-02-26 00:01:25,364] multiqc                                            [DEBUG  ]  Analysing modules: custom_content, ngsderive, purple, conpair, peddy, somalier, methylQA, mosdepth, phantompeakqualtools, qualimap, preseq, quast, qorts, rna_seqc, rockhopper, rsem, rseqc, busco, goleft_indexcov, disambiguate, supernova, deeptools, sargasso, verifybamid, mirtrace, happy, mirtop, homer, hops, macs2, theta2, snpeff, gatk, htseq, bcftools, featureCounts, fgbio, dragen, dedup, damageprofiler, biobambam2, jcvi, mtnucratio, picard, sentieon, prokka, qc3C, samblaster, samtools, sexdeterrmine, eigenstratdatabasetools, bamtools, jellyfish, vcftools, longranger, stacks, varscan2, bbmap, bismark, biscuit, hicexplorer, hicup, hicpro, salmon, kallisto, slamdunk, star, hisat2, tophat, bowtie2, bowtie1, snpsplit, kat, leehom, adapterRemoval, clipandmerge, cutadapt, flexbar, kaiju, kraken, malt, trimmomatic, sickle, skewer, sortmerna, biobloomtools, fastq_screen, afterqc, fastp, fastqc, pychopper, pycoqc, minionqc, multivcfanalyzer, clusterflow, bcl2fastq, interop, ivar, flash, seqyclean, optitype
[2022-02-26 00:01:25,364] multiqc                                            [DEBUG  ]  Using temporary directory for creating report: /tmp/tmp656alaaf
[2022-02-26 00:01:26,198] multiqc                                            [DEBUG  ]  File ignored by hicexplorer because it exceeded search pattern filesize limit: 74A_2_R2_trimmed_fastqc.html
[2022-02-26 00:01:26,206] multiqc                                            [DEBUG  ]  File ignored by longranger/invocation because it exceeded search pattern filesize limit: 74A_2_R2_trimmed_fastqc.html
[2022-02-26 00:01:26,266] multiqc                                            [DEBUG  ]  File ignored by hicexplorer because it exceeded search pattern filesize limit: 74A_2_R1_trimmed_fastqc.html
[2022-02-26 00:01:26,271] multiqc                                            [DEBUG  ]  File ignored by longranger/invocation because it exceeded search pattern filesize limit: 74A_2_R1_trimmed_fastqc.html
[2022-02-26 00:01:26,316] multiqc                                            [DEBUG  ]  File ignored by hicexplorer because it exceeded search pattern filesize limit: 74A_3_R2_trimmed_fastqc.html
[2022-02-26 00:01:26,320] multiqc                                            [DEBUG  ]  File ignored by longranger/invocation because it exceeded search pattern filesize limit: 74A_3_R2_trimmed_fastqc.html
[2022-02-26 00:01:26,364] multiqc                                            [DEBUG  ]  File ignored by hicexplorer because it exceeded search pattern filesize limit: 74A_3_R1_trimmed_fastqc.html
[2022-02-26 00:01:26,369] multiqc                                            [DEBUG  ]  File ignored by longranger/invocation because it exceeded search pattern filesize limit: 74A_3_R1_trimmed_fastqc.html
[2022-02-26 00:01:26,411] multiqc                                            [DEBUG  ]  File ignored by hicexplorer because it exceeded search pattern filesize limit: mus52_2_R2_trimmed_fastqc.html
[2022-02-26 00:01:26,415] multiqc                                            [DEBUG  ]  File ignored by longranger/invocation because it exceeded search pattern filesize limit: mus52_2_R2_trimmed_fastqc.html
[2022-02-26 00:01:26,459] multiqc                                            [DEBUG  ]  File ignored by hicexplorer because it exceeded search pattern filesize limit: mus52_2_R1_trimmed_fastqc.html
[2022-02-26 00:01:26,463] multiqc                                            [DEBUG  ]  File ignored by longranger/invocation because it exceeded search pattern filesize limit: mus52_2_R1_trimmed_fastqc.html
[2022-02-26 00:01:26,507] multiqc                                            [DEBUG  ]  File ignored by hicexplorer because it exceeded search pattern filesize limit: 74A_1_R1_trimmed_fastqc.html
[2022-02-26 00:01:26,511] multiqc                                            [DEBUG  ]  File ignored by longranger/invocation because it exceeded search pattern filesize limit: 74A_1_R1_trimmed_fastqc.html
[2022-02-26 00:01:26,553] multiqc                                            [DEBUG  ]  File ignored by hicexplorer because it exceeded search pattern filesize limit: 74A_1_R2_trimmed_fastqc.html
[2022-02-26 00:01:26,557] multiqc                                            [DEBUG  ]  File ignored by longranger/invocation because it exceeded search pattern filesize limit: 74A_1_R2_trimmed_fastqc.html
[2022-02-26 00:01:26,602] multiqc                                            [DEBUG  ]  File ignored by hicexplorer because it exceeded search pattern filesize limit: mus52_3_R1_trimmed_fastqc.html
[2022-02-26 00:01:26,606] multiqc                                            [DEBUG  ]  File ignored by longranger/invocation because it exceeded search pattern filesize limit: mus52_3_R1_trimmed_fastqc.html
[2022-02-26 00:01:26,648] multiqc                                            [DEBUG  ]  File ignored by hicexplorer because it exceeded search pattern filesize limit: mus52_3_R2_trimmed_fastqc.html
[2022-02-26 00:01:26,652] multiqc                                            [DEBUG  ]  File ignored by longranger/invocation because it exceeded search pattern filesize limit: mus52_3_R2_trimmed_fastqc.html
[2022-02-26 00:01:26,695] multiqc                                            [DEBUG  ]  File ignored by hicexplorer because it exceeded search pattern filesize limit: mus52_1_R2_trimmed_fastqc.html
[2022-02-26 00:01:26,699] multiqc                                            [DEBUG  ]  File ignored by longranger/invocation because it exceeded search pattern filesize limit: mus52_1_R2_trimmed_fastqc.html
[2022-02-26 00:01:26,743] multiqc                                            [DEBUG  ]  File ignored by hicexplorer because it exceeded search pattern filesize limit: mus52_1_R1_trimmed_fastqc.html
[2022-02-26 00:01:26,747] multiqc                                            [DEBUG  ]  File ignored by longranger/invocation because it exceeded search pattern filesize limit: mus52_1_R1_trimmed_fastqc.html
[2022-02-26 00:01:30,454] multiqc.plots.bargraph                             [DEBUG  ]  Using matplotlib version 3.3.4
[2022-02-26 00:01:30,474] multiqc.plots.linegraph                            [DEBUG  ]  Using matplotlib version 3.3.4
[2022-02-26 00:01:30,492] multiqc                                            [DEBUG  ]  No samples found: custom_content
[2022-02-26 00:01:30,532] multiqc                                            [DEBUG  ]  No samples found: ngsderive
[2022-02-26 00:01:30,577] multiqc                                            [DEBUG  ]  No samples found: purple
[2022-02-26 00:01:30,614] multiqc                                            [DEBUG  ]  No samples found: conpair
[2022-02-26 00:01:30,641] multiqc                                            [DEBUG  ]  No samples found: peddy
[2022-02-26 00:01:30,675] multiqc                                            [DEBUG  ]  No samples found: somalier
[2022-02-26 00:01:30,715] multiqc                                            [DEBUG  ]  No samples found: methylQA
[2022-02-26 00:01:30,974] multiqc                                            [DEBUG  ]  No samples found: mosdepth
[2022-02-26 00:01:31,018] multiqc                                            [DEBUG  ]  No samples found: phantompeakqualtools
[2022-02-26 00:01:31,038] multiqc                                            [DEBUG  ]  No samples found: qualimap
[2022-02-26 00:01:31,223] multiqc                                            [DEBUG  ]  No samples found: preseq
[2022-02-26 00:01:31,261] multiqc                                            [DEBUG  ]  No samples found: quast
[2022-02-26 00:01:31,299] multiqc                                            [DEBUG  ]  No samples found: qorts
[2022-02-26 00:01:31,339] multiqc                                            [DEBUG  ]  No samples found: rna_seqc
[2022-02-26 00:01:31,376] multiqc                                            [DEBUG  ]  No samples found: rockhopper
[2022-02-26 00:01:31,459] multiqc                                            [DEBUG  ]  No samples found: rsem
[2022-02-26 00:01:31,639] multiqc                                            [DEBUG  ]  No samples found: rseqc
[2022-02-26 00:01:31,667] multiqc                                            [DEBUG  ]  No samples found: busco
[2022-02-26 00:01:31,707] multiqc                                            [DEBUG  ]  No samples found: goleft_indexcov
[2022-02-26 00:01:31,745] multiqc                                            [DEBUG  ]  No samples found: disambiguate
[2022-02-26 00:01:31,771] multiqc                                            [DEBUG  ]  No samples found: supernova
[2022-02-26 00:01:31,920] multiqc                                            [DEBUG  ]  No samples found: deeptools
[2022-02-26 00:01:31,985] multiqc                                            [DEBUG  ]  No samples found: sargasso
[2022-02-26 00:01:32,033] multiqc                                            [DEBUG  ]  No samples found: verifybamid
[2022-02-26 00:01:32,070] multiqc                                            [DEBUG  ]  No samples found: mirtrace
[2022-02-26 00:01:32,096] multiqc                                            [DEBUG  ]  No samples found: happy
[2022-02-26 00:01:32,143] multiqc                                            [DEBUG  ]  No samples found: mirtop
[2022-02-26 00:01:32,198] multiqc                                            [DEBUG  ]  No samples found: homer
[2022-02-26 00:01:32,237] multiqc                                            [DEBUG  ]  No samples found: hops
[2022-02-26 00:01:32,407] multiqc                                            [DEBUG  ]  No samples found: macs2
[2022-02-26 00:01:32,470] multiqc                                            [DEBUG  ]  No samples found: theta2
[2022-02-26 00:01:32,505] multiqc                                            [DEBUG  ]  No samples found: snpeff
[2022-02-26 00:01:32,577] multiqc                                            [DEBUG  ]  No samples found: gatk
[2022-02-26 00:01:32,617] multiqc                                            [DEBUG  ]  No samples found: htseq
[2022-02-26 00:01:32,653] multiqc                                            [DEBUG  ]  No samples found: bcftools
[2022-02-26 00:01:32,664] multiqc                                            [DEBUG  ]  No samples found: featureCounts
[2022-02-26 00:01:32,818] multiqc                                            [DEBUG  ]  No samples found: fgbio
[2022-02-26 00:01:32,945] multiqc                                            [DEBUG  ]  No samples found: dragen
[2022-02-26 00:01:32,962] multiqc                                            [DEBUG  ]  No samples found: dedup
[2022-02-26 00:01:32,973] multiqc                                            [DEBUG  ]  No samples found: damageprofiler
[2022-02-26 00:01:33,334] multiqc                                            [DEBUG  ]  No samples found: biobambam2
[2022-02-26 00:01:33,370] multiqc                                            [DEBUG  ]  No samples found: jcvi
[2022-02-26 00:01:33,414] multiqc                                            [DEBUG  ]  No samples found: mtnucratio
[2022-02-26 00:01:33,420] multiqc                                            [DEBUG  ]  No samples found: picard
[2022-02-26 00:01:33,522] multiqc                                            [DEBUG  ]  No samples found: sentieon
[2022-02-26 00:01:33,533] multiqc                                            [DEBUG  ]  No samples found: prokka
[2022-02-26 00:01:33,568] multiqc                                            [DEBUG  ]  No samples found: qc3C
[2022-02-26 00:01:33,590] multiqc                                            [DEBUG  ]  No samples found: samblaster
[2022-02-26 00:01:33,656] multiqc                                            [DEBUG  ]  No samples found: samtools
[2022-02-26 00:01:33,691] multiqc                                            [DEBUG  ]  No samples found: sexdeterrmine
[2022-02-26 00:01:33,715] multiqc                                            [DEBUG  ]  No samples found: eigenstratdatabasetools
[2022-02-26 00:01:33,740] multiqc                                            [DEBUG  ]  No samples found: bamtools
[2022-02-26 00:01:33,769] multiqc                                            [DEBUG  ]  No samples found: jellyfish
[2022-02-26 00:01:33,810] multiqc                                            [DEBUG  ]  No samples found: vcftools
[2022-02-26 00:01:33,858] multiqc                                            [DEBUG  ]  No samples found: longranger
[2022-02-26 00:01:33,909] multiqc                                            [DEBUG  ]  No samples found: stacks
[2022-02-26 00:01:33,944] multiqc                                            [DEBUG  ]  No samples found: varscan2
[2022-02-26 00:01:34,094] multiqc                                            [DEBUG  ]  No samples found: bbmap
[2022-02-26 00:01:34,127] multiqc                                            [DEBUG  ]  No samples found: bismark
[2022-02-26 00:01:34,156] multiqc                                            [DEBUG  ]  No samples found: biscuit
[2022-02-26 00:01:34,175] multiqc                                            [DEBUG  ]  No samples found: hicexplorer
[2022-02-26 00:01:34,218] multiqc                                            [DEBUG  ]  No samples found: hicup
[2022-02-26 00:01:34,279] multiqc                                            [DEBUG  ]  No samples found: hicpro
[2022-02-26 00:01:34,304] multiqc                                            [DEBUG  ]  No samples found: salmon
[2022-02-26 00:01:34,323] multiqc                                            [DEBUG  ]  No samples found: kallisto
[2022-02-26 00:01:34,352] multiqc                                            [DEBUG  ]  No samples found: slamdunk
[2022-02-26 00:01:34,385] multiqc                                            [DEBUG  ]  No samples found: star
[2022-02-26 00:01:34,409] multiqc                                            [DEBUG  ]  No samples found: hisat2
[2022-02-26 00:01:34,445] multiqc                                            [DEBUG  ]  No samples found: tophat
[2022-02-26 00:01:34,494] multiqc                                            [DEBUG  ]  No samples found: bowtie2
[2022-02-26 00:01:34,524] multiqc                                            [DEBUG  ]  No samples found: bowtie1
[2022-02-26 00:01:34,547] multiqc                                            [DEBUG  ]  No samples found: snpsplit
[2022-02-26 00:01:34,573] multiqc                                            [DEBUG  ]  No samples found: kat
[2022-02-26 00:01:34,604] multiqc                                            [DEBUG  ]  No samples found: leehom
[2022-02-26 00:01:34,632] multiqc                                            [DEBUG  ]  No samples found: adapterRemoval
[2022-02-26 00:01:34,661] multiqc                                            [DEBUG  ]  No samples found: clipandmerge
[2022-02-26 00:01:34,750] multiqc                                            [DEBUG  ]  No samples found: cutadapt
[2022-02-26 00:01:35,212] multiqc                                            [DEBUG  ]  No samples found: flexbar
[2022-02-26 00:01:35,250] multiqc                                            [DEBUG  ]  No samples found: kaiju
[2022-02-26 00:01:35,589] multiqc                                            [DEBUG  ]  No samples found: kraken
[2022-02-26 00:01:36,447] multiqc                                            [DEBUG  ]  No samples found: malt
[2022-02-26 00:01:36,496] multiqc                                            [DEBUG  ]  No samples found: trimmomatic
[2022-02-26 00:01:36,650] multiqc                                            [DEBUG  ]  No samples found: sickle
[2022-02-26 00:01:36,716] multiqc                                            [DEBUG  ]  No samples found: skewer
[2022-02-26 00:01:36,951] multiqc                                            [DEBUG  ]  No samples found: sortmerna
[2022-02-26 00:01:37,446] multiqc                                            [DEBUG  ]  No samples found: biobloomtools
[2022-02-26 00:01:37,479] multiqc                                            [DEBUG  ]  No samples found: fastq_screen
[2022-02-26 00:01:37,856] multiqc                                            [DEBUG  ]  No samples found: afterqc
[2022-02-26 00:01:37,891] multiqc                                            [DEBUG  ]  No samples found: fastp
[2022-02-26 00:01:37,962] multiqc.modules.fastqc.fastqc                      [INFO   ]  Found 12 reports
[2022-02-26 00:01:38,212] multiqc                                            [DEBUG  ]  No samples found: pychopper
[2022-02-26 00:01:38,248] multiqc                                            [DEBUG  ]  No samples found: pycoqc
[2022-02-26 00:01:38,434] multiqc                                            [DEBUG  ]  No samples found: minionqc
[2022-02-26 00:01:38,463] multiqc                                            [DEBUG  ]  No samples found: multivcfanalyzer
[2022-02-26 00:01:38,481] multiqc                                            [DEBUG  ]  No samples found: clusterflow
[2022-02-26 00:01:38,519] multiqc                                            [DEBUG  ]  No samples found: bcl2fastq
[2022-02-26 00:01:38,563] multiqc                                            [DEBUG  ]  No samples found: interop
[2022-02-26 00:01:38,663] multiqc                                            [DEBUG  ]  No samples found: ivar
[2022-02-26 00:01:38,721] multiqc                                            [DEBUG  ]  No samples found: flash
[2022-02-26 00:01:39,326] multiqc                                            [DEBUG  ]  No samples found: seqyclean
[2022-02-26 00:01:39,356] multiqc                                            [DEBUG  ]  No samples found: optitype
[2022-02-26 00:01:39,387] multiqc                                            [INFO   ]  Compressing plot data
[2022-02-26 00:01:39,602] multiqc                                            [INFO   ]  Report      : project/Nc_data/output/visualize/report/report_quality_control_after_trimming.html
[2022-02-26 00:01:39,602] multiqc                                            [INFO   ]  Data        : project/Nc_data/output/visualize/report/report_quality_control_after_trimming_data
[2022-02-26 00:01:39,602] multiqc                                            [DEBUG  ]  Moving data file from '/tmp/tmp656alaaf/multiqc_data' to '/home/zpzhou/wuyue/snakemake/RNApipe/project/Nc_data/output/visualize/report/report_quality_control_after_trimming_data'
[2022-02-26 00:01:40,523] multiqc                                            [INFO   ]  MultiQC complete
