[2021-12-11 22:10:31,006] multiqc                                            [DEBUG  ]  No MultiQC config found: /home/zpzhou/software/conda3/envs/RNApipe/lib/python3.9/site-packages/multiqc_config.yaml
[2021-12-11 22:10:31,006] multiqc                                            [DEBUG  ]  No MultiQC config found: /home/zpzhou/.multiqc_config.yaml
[2021-12-11 22:10:31,007] multiqc                                            [DEBUG  ]  No MultiQC config found: multiqc_config.yaml
[2021-12-11 22:10:31,007] multiqc                                            [DEBUG  ]  Command used: /home/zpzhou/software/conda3/envs/RNApipe/bin/multiqc project/human_data/output/align/hisat2/ESR1_Y537C_1_BAMqc project/human_data/output/align/hisat2/ESR1_Y537C_2_BAMqc project/human_data/output/align/hisat2/ESR1_Y537C_3_BAMqc project/human_data/output/align/hisat2/WT_1_BAMqc project/human_data/output/align/hisat2/WT_2_BAMqc project/human_data/output/align/hisat2/WT_3_BAMqc project/human_data/output/quantify/featureCounts/genome.tsv.summary --filename project/human_data/output/visualize/report/report_align_count.html
[2021-12-11 22:10:31,025] multiqc                                            [DEBUG  ]  Could not connect to multiqc.info for version check: <urlopen error [Errno -3] Temporary failure in name resolution>
[2021-12-11 22:10:31,025] multiqc                                            [INFO   ]  This is MultiQC v1.10.1
[2021-12-11 22:10:31,026] multiqc                                            [DEBUG  ]  Command     : /home/zpzhou/software/conda3/envs/RNApipe/bin/multiqc project/human_data/output/align/hisat2/ESR1_Y537C_1_BAMqc project/human_data/output/align/hisat2/ESR1_Y537C_2_BAMqc project/human_data/output/align/hisat2/ESR1_Y537C_3_BAMqc project/human_data/output/align/hisat2/WT_1_BAMqc project/human_data/output/align/hisat2/WT_2_BAMqc project/human_data/output/align/hisat2/WT_3_BAMqc project/human_data/output/quantify/featureCounts/genome.tsv.summary --filename project/human_data/output/visualize/report/report_align_count.html
[2021-12-11 22:10:31,026] multiqc                                            [DEBUG  ]  Working dir : /home/zpzhou/wuyue/snakemake/RNApipe
[2021-12-11 22:10:31,026] multiqc                                            [INFO   ]  Template    : default
[2021-12-11 22:10:31,026] multiqc                                            [DEBUG  ]  Running Python 3.9.5 (default, Jun  4 2021, 12:28:51)  [GCC 7.5.0]
[2021-12-11 22:10:31,026] multiqc                                            [INFO   ]  Searching   : /home/zpzhou/wuyue/snakemake/RNApipe/project/human_data/output/align/hisat2/ESR1_Y537C_1_BAMqc
[2021-12-11 22:10:31,026] multiqc                                            [INFO   ]  Searching   : /home/zpzhou/wuyue/snakemake/RNApipe/project/human_data/output/align/hisat2/ESR1_Y537C_2_BAMqc
[2021-12-11 22:10:31,026] multiqc                                            [INFO   ]  Searching   : /home/zpzhou/wuyue/snakemake/RNApipe/project/human_data/output/align/hisat2/ESR1_Y537C_3_BAMqc
[2021-12-11 22:10:31,027] multiqc                                            [INFO   ]  Searching   : /home/zpzhou/wuyue/snakemake/RNApipe/project/human_data/output/align/hisat2/WT_1_BAMqc
[2021-12-11 22:10:31,027] multiqc                                            [INFO   ]  Searching   : /home/zpzhou/wuyue/snakemake/RNApipe/project/human_data/output/align/hisat2/WT_2_BAMqc
[2021-12-11 22:10:31,027] multiqc                                            [INFO   ]  Searching   : /home/zpzhou/wuyue/snakemake/RNApipe/project/human_data/output/align/hisat2/WT_3_BAMqc
[2021-12-11 22:10:31,027] multiqc                                            [INFO   ]  Searching   : /home/zpzhou/wuyue/snakemake/RNApipe/project/human_data/output/quantify/featureCounts/genome.tsv.summary
[2021-12-11 22:10:31,028] multiqc                                            [DEBUG  ]  Analysing modules: custom_content, ngsderive, purple, conpair, peddy, somalier, methylQA, mosdepth, phantompeakqualtools, qualimap, preseq, quast, qorts, rna_seqc, rockhopper, rsem, rseqc, busco, goleft_indexcov, disambiguate, supernova, deeptools, sargasso, verifybamid, mirtrace, happy, mirtop, homer, hops, macs2, theta2, snpeff, gatk, htseq, bcftools, featureCounts, fgbio, dragen, dedup, damageprofiler, biobambam2, jcvi, mtnucratio, picard, sentieon, prokka, qc3C, samblaster, samtools, sexdeterrmine, eigenstratdatabasetools, bamtools, jellyfish, vcftools, longranger, stacks, varscan2, bbmap, bismark, biscuit, hicexplorer, hicup, hicpro, salmon, kallisto, slamdunk, star, hisat2, tophat, bowtie2, bowtie1, snpsplit, kat, leehom, adapterRemoval, clipandmerge, cutadapt, flexbar, kaiju, kraken, malt, trimmomatic, sickle, skewer, sortmerna, biobloomtools, fastq_screen, afterqc, fastp, fastqc, pychopper, pycoqc, minionqc, multivcfanalyzer, clusterflow, bcl2fastq, interop, ivar, flash, seqyclean, optitype
[2021-12-11 22:10:31,036] multiqc                                            [DEBUG  ]  Using temporary directory for creating report: /tmp/tmpg5_snbua
[2021-12-11 22:10:32,782] multiqc                                            [DEBUG  ]  Ignoring file as matched an ignore pattern: qualimapReport.html
[2021-12-11 22:10:32,862] multiqc                                            [DEBUG  ]  File ignored by hicexplorer because it exceeded search pattern filesize limit: agogo.css
[2021-12-11 22:10:32,867] multiqc                                            [DEBUG  ]  File ignored by longranger/invocation because it exceeded search pattern filesize limit: agogo.css
[2021-12-11 22:10:32,896] multiqc                                            [DEBUG  ]  File ignored by hicexplorer because it exceeded search pattern filesize limit: basic.css
[2021-12-11 22:10:32,900] multiqc                                            [DEBUG  ]  File ignored by longranger/invocation because it exceeded search pattern filesize limit: basic.css
[2021-12-11 22:10:32,938] multiqc                                            [DEBUG  ]  File ignored by hicexplorer because it exceeded search pattern filesize limit: doctools.js
[2021-12-11 22:10:32,942] multiqc                                            [DEBUG  ]  File ignored by longranger/invocation because it exceeded search pattern filesize limit: doctools.js
[2021-12-11 22:10:32,969] multiqc                                            [DEBUG  ]  File ignored by hicexplorer because it exceeded search pattern filesize limit: jquery.js
[2021-12-11 22:10:32,973] multiqc                                            [DEBUG  ]  File ignored by longranger/invocation because it exceeded search pattern filesize limit: jquery.js
[2021-12-11 22:10:33,005] multiqc                                            [DEBUG  ]  File ignored by longranger/invocation because it exceeded search pattern filesize limit: pygments.css
[2021-12-11 22:10:33,043] multiqc                                            [DEBUG  ]  File ignored by hicexplorer because it exceeded search pattern filesize limit: searchtools.js
[2021-12-11 22:10:33,047] multiqc                                            [DEBUG  ]  File ignored by longranger/invocation because it exceeded search pattern filesize limit: searchtools.js
[2021-12-11 22:10:33,074] multiqc                                            [DEBUG  ]  File ignored by hicexplorer because it exceeded search pattern filesize limit: underscore.js
[2021-12-11 22:10:33,078] multiqc                                            [DEBUG  ]  File ignored by longranger/invocation because it exceeded search pattern filesize limit: underscore.js
[2021-12-11 22:10:33,096] multiqc                                            [DEBUG  ]  File ignored by hicexplorer because it exceeded search pattern filesize limit: websupport.js
[2021-12-11 22:10:33,100] multiqc                                            [DEBUG  ]  File ignored by longranger/invocation because it exceeded search pattern filesize limit: websupport.js
[2021-12-11 22:10:33,129] multiqc                                            [DEBUG  ]  File ignored by hicexplorer because it exceeded search pattern filesize limit: coverage_across_reference.txt
[2021-12-11 22:10:33,133] multiqc                                            [DEBUG  ]  File ignored by longranger/invocation because it exceeded search pattern filesize limit: coverage_across_reference.txt
[2021-12-11 22:10:33,185] multiqc                                            [DEBUG  ]  File ignored by hicexplorer because it exceeded search pattern filesize limit: mapped_reads_nucleotide_content.txt
[2021-12-11 22:10:33,189] multiqc                                            [DEBUG  ]  File ignored by longranger/invocation because it exceeded search pattern filesize limit: mapped_reads_nucleotide_content.txt
[2021-12-11 22:10:33,241] multiqc                                            [DEBUG  ]  File ignored by hicexplorer because it exceeded search pattern filesize limit: mapping_quality_across_reference.txt
[2021-12-11 22:10:33,244] multiqc                                            [DEBUG  ]  File ignored by longranger/invocation because it exceeded search pattern filesize limit: mapping_quality_across_reference.txt
[2021-12-11 22:10:33,294] multiqc                                            [DEBUG  ]  File ignored by hicexplorer because it exceeded search pattern filesize limit: insert_size_across_reference.txt
[2021-12-11 22:10:33,298] multiqc                                            [DEBUG  ]  File ignored by longranger/invocation because it exceeded search pattern filesize limit: insert_size_across_reference.txt
[2021-12-11 22:10:33,326] multiqc                                            [DEBUG  ]  Ignoring file as matched an ignore pattern: qualimapReport.html
[2021-12-11 22:10:33,370] multiqc                                            [DEBUG  ]  File ignored by hicexplorer because it exceeded search pattern filesize limit: agogo.css
[2021-12-11 22:10:33,374] multiqc                                            [DEBUG  ]  File ignored by longranger/invocation because it exceeded search pattern filesize limit: agogo.css
[2021-12-11 22:10:33,397] multiqc                                            [DEBUG  ]  File ignored by hicexplorer because it exceeded search pattern filesize limit: basic.css
[2021-12-11 22:10:33,400] multiqc                                            [DEBUG  ]  File ignored by longranger/invocation because it exceeded search pattern filesize limit: basic.css
[2021-12-11 22:10:33,431] multiqc                                            [DEBUG  ]  File ignored by hicexplorer because it exceeded search pattern filesize limit: doctools.js
[2021-12-11 22:10:33,435] multiqc                                            [DEBUG  ]  File ignored by longranger/invocation because it exceeded search pattern filesize limit: doctools.js
[2021-12-11 22:10:33,458] multiqc                                            [DEBUG  ]  File ignored by hicexplorer because it exceeded search pattern filesize limit: jquery.js
[2021-12-11 22:10:33,462] multiqc                                            [DEBUG  ]  File ignored by longranger/invocation because it exceeded search pattern filesize limit: jquery.js
[2021-12-11 22:10:33,490] multiqc                                            [DEBUG  ]  File ignored by longranger/invocation because it exceeded search pattern filesize limit: pygments.css
[2021-12-11 22:10:33,524] multiqc                                            [DEBUG  ]  File ignored by hicexplorer because it exceeded search pattern filesize limit: searchtools.js
[2021-12-11 22:10:33,528] multiqc                                            [DEBUG  ]  File ignored by longranger/invocation because it exceeded search pattern filesize limit: searchtools.js
[2021-12-11 22:10:33,552] multiqc                                            [DEBUG  ]  File ignored by hicexplorer because it exceeded search pattern filesize limit: underscore.js
[2021-12-11 22:10:33,556] multiqc                                            [DEBUG  ]  File ignored by longranger/invocation because it exceeded search pattern filesize limit: underscore.js
[2021-12-11 22:10:33,574] multiqc                                            [DEBUG  ]  File ignored by hicexplorer because it exceeded search pattern filesize limit: websupport.js
[2021-12-11 22:10:33,577] multiqc                                            [DEBUG  ]  File ignored by longranger/invocation because it exceeded search pattern filesize limit: websupport.js
[2021-12-11 22:10:33,607] multiqc                                            [DEBUG  ]  File ignored by hicexplorer because it exceeded search pattern filesize limit: coverage_across_reference.txt
[2021-12-11 22:10:33,611] multiqc                                            [DEBUG  ]  File ignored by longranger/invocation because it exceeded search pattern filesize limit: coverage_across_reference.txt
[2021-12-11 22:10:33,663] multiqc                                            [DEBUG  ]  File ignored by hicexplorer because it exceeded search pattern filesize limit: mapped_reads_nucleotide_content.txt
[2021-12-11 22:10:33,666] multiqc                                            [DEBUG  ]  File ignored by longranger/invocation because it exceeded search pattern filesize limit: mapped_reads_nucleotide_content.txt
[2021-12-11 22:10:33,719] multiqc                                            [DEBUG  ]  File ignored by hicexplorer because it exceeded search pattern filesize limit: mapping_quality_across_reference.txt
[2021-12-11 22:10:33,723] multiqc                                            [DEBUG  ]  File ignored by longranger/invocation because it exceeded search pattern filesize limit: mapping_quality_across_reference.txt
[2021-12-11 22:10:33,775] multiqc                                            [DEBUG  ]  File ignored by hicexplorer because it exceeded search pattern filesize limit: insert_size_across_reference.txt
[2021-12-11 22:10:33,779] multiqc                                            [DEBUG  ]  File ignored by longranger/invocation because it exceeded search pattern filesize limit: insert_size_across_reference.txt
[2021-12-11 22:10:33,807] multiqc                                            [DEBUG  ]  Ignoring file as matched an ignore pattern: qualimapReport.html
[2021-12-11 22:10:33,851] multiqc                                            [DEBUG  ]  File ignored by hicexplorer because it exceeded search pattern filesize limit: agogo.css
[2021-12-11 22:10:33,855] multiqc                                            [DEBUG  ]  File ignored by longranger/invocation because it exceeded search pattern filesize limit: agogo.css
[2021-12-11 22:10:33,878] multiqc                                            [DEBUG  ]  File ignored by hicexplorer because it exceeded search pattern filesize limit: basic.css
[2021-12-11 22:10:33,882] multiqc                                            [DEBUG  ]  File ignored by longranger/invocation because it exceeded search pattern filesize limit: basic.css
[2021-12-11 22:10:33,913] multiqc                                            [DEBUG  ]  File ignored by hicexplorer because it exceeded search pattern filesize limit: doctools.js
[2021-12-11 22:10:33,917] multiqc                                            [DEBUG  ]  File ignored by longranger/invocation because it exceeded search pattern filesize limit: doctools.js
[2021-12-11 22:10:33,941] multiqc                                            [DEBUG  ]  File ignored by hicexplorer because it exceeded search pattern filesize limit: jquery.js
[2021-12-11 22:10:33,945] multiqc                                            [DEBUG  ]  File ignored by longranger/invocation because it exceeded search pattern filesize limit: jquery.js
[2021-12-11 22:10:33,974] multiqc                                            [DEBUG  ]  File ignored by longranger/invocation because it exceeded search pattern filesize limit: pygments.css
[2021-12-11 22:10:34,007] multiqc                                            [DEBUG  ]  File ignored by hicexplorer because it exceeded search pattern filesize limit: searchtools.js
[2021-12-11 22:10:34,012] multiqc                                            [DEBUG  ]  File ignored by longranger/invocation because it exceeded search pattern filesize limit: searchtools.js
[2021-12-11 22:10:34,036] multiqc                                            [DEBUG  ]  File ignored by hicexplorer because it exceeded search pattern filesize limit: underscore.js
[2021-12-11 22:10:34,040] multiqc                                            [DEBUG  ]  File ignored by longranger/invocation because it exceeded search pattern filesize limit: underscore.js
[2021-12-11 22:10:34,058] multiqc                                            [DEBUG  ]  File ignored by hicexplorer because it exceeded search pattern filesize limit: websupport.js
[2021-12-11 22:10:34,062] multiqc                                            [DEBUG  ]  File ignored by longranger/invocation because it exceeded search pattern filesize limit: websupport.js
[2021-12-11 22:10:34,092] multiqc                                            [DEBUG  ]  File ignored by hicexplorer because it exceeded search pattern filesize limit: coverage_across_reference.txt
[2021-12-11 22:10:34,096] multiqc                                            [DEBUG  ]  File ignored by longranger/invocation because it exceeded search pattern filesize limit: coverage_across_reference.txt
[2021-12-11 22:10:34,149] multiqc                                            [DEBUG  ]  File ignored by hicexplorer because it exceeded search pattern filesize limit: mapped_reads_nucleotide_content.txt
[2021-12-11 22:10:34,154] multiqc                                            [DEBUG  ]  File ignored by longranger/invocation because it exceeded search pattern filesize limit: mapped_reads_nucleotide_content.txt
[2021-12-11 22:10:34,209] multiqc                                            [DEBUG  ]  File ignored by hicexplorer because it exceeded search pattern filesize limit: mapping_quality_across_reference.txt
[2021-12-11 22:10:34,213] multiqc                                            [DEBUG  ]  File ignored by longranger/invocation because it exceeded search pattern filesize limit: mapping_quality_across_reference.txt
[2021-12-11 22:10:34,264] multiqc                                            [DEBUG  ]  File ignored by hicexplorer because it exceeded search pattern filesize limit: insert_size_across_reference.txt
[2021-12-11 22:10:34,268] multiqc                                            [DEBUG  ]  File ignored by longranger/invocation because it exceeded search pattern filesize limit: insert_size_across_reference.txt
[2021-12-11 22:10:34,296] multiqc                                            [DEBUG  ]  Ignoring file as matched an ignore pattern: qualimapReport.html
[2021-12-11 22:10:34,340] multiqc                                            [DEBUG  ]  File ignored by hicexplorer because it exceeded search pattern filesize limit: agogo.css
[2021-12-11 22:10:34,344] multiqc                                            [DEBUG  ]  File ignored by longranger/invocation because it exceeded search pattern filesize limit: agogo.css
[2021-12-11 22:10:34,367] multiqc                                            [DEBUG  ]  File ignored by hicexplorer because it exceeded search pattern filesize limit: basic.css
[2021-12-11 22:10:34,371] multiqc                                            [DEBUG  ]  File ignored by longranger/invocation because it exceeded search pattern filesize limit: basic.css
[2021-12-11 22:10:34,403] multiqc                                            [DEBUG  ]  File ignored by hicexplorer because it exceeded search pattern filesize limit: doctools.js
[2021-12-11 22:10:34,406] multiqc                                            [DEBUG  ]  File ignored by longranger/invocation because it exceeded search pattern filesize limit: doctools.js
[2021-12-11 22:10:34,429] multiqc                                            [DEBUG  ]  File ignored by hicexplorer because it exceeded search pattern filesize limit: jquery.js
[2021-12-11 22:10:34,433] multiqc                                            [DEBUG  ]  File ignored by longranger/invocation because it exceeded search pattern filesize limit: jquery.js
[2021-12-11 22:10:34,461] multiqc                                            [DEBUG  ]  File ignored by longranger/invocation because it exceeded search pattern filesize limit: pygments.css
[2021-12-11 22:10:34,495] multiqc                                            [DEBUG  ]  File ignored by hicexplorer because it exceeded search pattern filesize limit: searchtools.js
[2021-12-11 22:10:34,499] multiqc                                            [DEBUG  ]  File ignored by longranger/invocation because it exceeded search pattern filesize limit: searchtools.js
[2021-12-11 22:10:34,523] multiqc                                            [DEBUG  ]  File ignored by hicexplorer because it exceeded search pattern filesize limit: underscore.js
[2021-12-11 22:10:34,527] multiqc                                            [DEBUG  ]  File ignored by longranger/invocation because it exceeded search pattern filesize limit: underscore.js
[2021-12-11 22:10:34,550] multiqc                                            [DEBUG  ]  File ignored by hicexplorer because it exceeded search pattern filesize limit: websupport.js
[2021-12-11 22:10:34,554] multiqc                                            [DEBUG  ]  File ignored by longranger/invocation because it exceeded search pattern filesize limit: websupport.js
[2021-12-11 22:10:34,584] multiqc                                            [DEBUG  ]  File ignored by hicexplorer because it exceeded search pattern filesize limit: coverage_across_reference.txt
[2021-12-11 22:10:34,588] multiqc                                            [DEBUG  ]  File ignored by longranger/invocation because it exceeded search pattern filesize limit: coverage_across_reference.txt
[2021-12-11 22:10:34,639] multiqc                                            [DEBUG  ]  File ignored by hicexplorer because it exceeded search pattern filesize limit: mapped_reads_nucleotide_content.txt
[2021-12-11 22:10:34,643] multiqc                                            [DEBUG  ]  File ignored by longranger/invocation because it exceeded search pattern filesize limit: mapped_reads_nucleotide_content.txt
[2021-12-11 22:10:34,695] multiqc                                            [DEBUG  ]  File ignored by hicexplorer because it exceeded search pattern filesize limit: mapping_quality_across_reference.txt
[2021-12-11 22:10:34,699] multiqc                                            [DEBUG  ]  File ignored by longranger/invocation because it exceeded search pattern filesize limit: mapping_quality_across_reference.txt
[2021-12-11 22:10:34,750] multiqc                                            [DEBUG  ]  File ignored by hicexplorer because it exceeded search pattern filesize limit: insert_size_across_reference.txt
[2021-12-11 22:10:34,754] multiqc                                            [DEBUG  ]  File ignored by longranger/invocation because it exceeded search pattern filesize limit: insert_size_across_reference.txt
[2021-12-11 22:10:34,782] multiqc                                            [DEBUG  ]  Ignoring file as matched an ignore pattern: qualimapReport.html
[2021-12-11 22:10:34,826] multiqc                                            [DEBUG  ]  File ignored by hicexplorer because it exceeded search pattern filesize limit: agogo.css
[2021-12-11 22:10:34,830] multiqc                                            [DEBUG  ]  File ignored by longranger/invocation because it exceeded search pattern filesize limit: agogo.css
[2021-12-11 22:10:34,853] multiqc                                            [DEBUG  ]  File ignored by hicexplorer because it exceeded search pattern filesize limit: basic.css
[2021-12-11 22:10:34,857] multiqc                                            [DEBUG  ]  File ignored by longranger/invocation because it exceeded search pattern filesize limit: basic.css
[2021-12-11 22:10:34,890] multiqc                                            [DEBUG  ]  File ignored by hicexplorer because it exceeded search pattern filesize limit: doctools.js
[2021-12-11 22:10:34,894] multiqc                                            [DEBUG  ]  File ignored by longranger/invocation because it exceeded search pattern filesize limit: doctools.js
[2021-12-11 22:10:34,917] multiqc                                            [DEBUG  ]  File ignored by hicexplorer because it exceeded search pattern filesize limit: jquery.js
[2021-12-11 22:10:34,921] multiqc                                            [DEBUG  ]  File ignored by longranger/invocation because it exceeded search pattern filesize limit: jquery.js
[2021-12-11 22:10:34,954] multiqc                                            [DEBUG  ]  File ignored by longranger/invocation because it exceeded search pattern filesize limit: pygments.css
[2021-12-11 22:10:34,989] multiqc                                            [DEBUG  ]  File ignored by hicexplorer because it exceeded search pattern filesize limit: searchtools.js
[2021-12-11 22:10:34,993] multiqc                                            [DEBUG  ]  File ignored by longranger/invocation because it exceeded search pattern filesize limit: searchtools.js
[2021-12-11 22:10:35,018] multiqc                                            [DEBUG  ]  File ignored by hicexplorer because it exceeded search pattern filesize limit: underscore.js
[2021-12-11 22:10:35,022] multiqc                                            [DEBUG  ]  File ignored by longranger/invocation because it exceeded search pattern filesize limit: underscore.js
[2021-12-11 22:10:35,039] multiqc                                            [DEBUG  ]  File ignored by hicexplorer because it exceeded search pattern filesize limit: websupport.js
[2021-12-11 22:10:35,043] multiqc                                            [DEBUG  ]  File ignored by longranger/invocation because it exceeded search pattern filesize limit: websupport.js
[2021-12-11 22:10:35,073] multiqc                                            [DEBUG  ]  File ignored by hicexplorer because it exceeded search pattern filesize limit: coverage_across_reference.txt
[2021-12-11 22:10:35,077] multiqc                                            [DEBUG  ]  File ignored by longranger/invocation because it exceeded search pattern filesize limit: coverage_across_reference.txt
[2021-12-11 22:10:35,129] multiqc                                            [DEBUG  ]  File ignored by hicexplorer because it exceeded search pattern filesize limit: mapped_reads_nucleotide_content.txt
[2021-12-11 22:10:35,133] multiqc                                            [DEBUG  ]  File ignored by longranger/invocation because it exceeded search pattern filesize limit: mapped_reads_nucleotide_content.txt
[2021-12-11 22:10:35,187] multiqc                                            [DEBUG  ]  File ignored by hicexplorer because it exceeded search pattern filesize limit: mapping_quality_across_reference.txt
[2021-12-11 22:10:35,191] multiqc                                            [DEBUG  ]  File ignored by longranger/invocation because it exceeded search pattern filesize limit: mapping_quality_across_reference.txt
[2021-12-11 22:10:35,242] multiqc                                            [DEBUG  ]  File ignored by hicexplorer because it exceeded search pattern filesize limit: insert_size_across_reference.txt
[2021-12-11 22:10:35,246] multiqc                                            [DEBUG  ]  File ignored by longranger/invocation because it exceeded search pattern filesize limit: insert_size_across_reference.txt
[2021-12-11 22:10:35,274] multiqc                                            [DEBUG  ]  Ignoring file as matched an ignore pattern: qualimapReport.html
[2021-12-11 22:10:35,312] multiqc                                            [DEBUG  ]  File ignored by hicexplorer because it exceeded search pattern filesize limit: agogo.css
[2021-12-11 22:10:35,316] multiqc                                            [DEBUG  ]  File ignored by longranger/invocation because it exceeded search pattern filesize limit: agogo.css
[2021-12-11 22:10:35,335] multiqc                                            [DEBUG  ]  File ignored by hicexplorer because it exceeded search pattern filesize limit: basic.css
[2021-12-11 22:10:35,338] multiqc                                            [DEBUG  ]  File ignored by longranger/invocation because it exceeded search pattern filesize limit: basic.css
[2021-12-11 22:10:35,364] multiqc                                            [DEBUG  ]  File ignored by hicexplorer because it exceeded search pattern filesize limit: doctools.js
[2021-12-11 22:10:35,367] multiqc                                            [DEBUG  ]  File ignored by longranger/invocation because it exceeded search pattern filesize limit: doctools.js
[2021-12-11 22:10:35,386] multiqc                                            [DEBUG  ]  File ignored by hicexplorer because it exceeded search pattern filesize limit: jquery.js
[2021-12-11 22:10:35,390] multiqc                                            [DEBUG  ]  File ignored by longranger/invocation because it exceeded search pattern filesize limit: jquery.js
[2021-12-11 22:10:35,413] multiqc                                            [DEBUG  ]  File ignored by longranger/invocation because it exceeded search pattern filesize limit: pygments.css
[2021-12-11 22:10:35,441] multiqc                                            [DEBUG  ]  File ignored by hicexplorer because it exceeded search pattern filesize limit: searchtools.js
[2021-12-11 22:10:35,445] multiqc                                            [DEBUG  ]  File ignored by longranger/invocation because it exceeded search pattern filesize limit: searchtools.js
[2021-12-11 22:10:35,465] multiqc                                            [DEBUG  ]  File ignored by hicexplorer because it exceeded search pattern filesize limit: underscore.js
[2021-12-11 22:10:35,468] multiqc                                            [DEBUG  ]  File ignored by longranger/invocation because it exceeded search pattern filesize limit: underscore.js
[2021-12-11 22:10:35,483] multiqc                                            [DEBUG  ]  File ignored by hicexplorer because it exceeded search pattern filesize limit: websupport.js
[2021-12-11 22:10:35,486] multiqc                                            [DEBUG  ]  File ignored by longranger/invocation because it exceeded search pattern filesize limit: websupport.js
[2021-12-11 22:10:35,511] multiqc                                            [DEBUG  ]  File ignored by hicexplorer because it exceeded search pattern filesize limit: coverage_across_reference.txt
[2021-12-11 22:10:35,514] multiqc                                            [DEBUG  ]  File ignored by longranger/invocation because it exceeded search pattern filesize limit: coverage_across_reference.txt
[2021-12-11 22:10:35,557] multiqc                                            [DEBUG  ]  File ignored by hicexplorer because it exceeded search pattern filesize limit: mapped_reads_nucleotide_content.txt
[2021-12-11 22:10:35,560] multiqc                                            [DEBUG  ]  File ignored by longranger/invocation because it exceeded search pattern filesize limit: mapped_reads_nucleotide_content.txt
[2021-12-11 22:10:35,603] multiqc                                            [DEBUG  ]  File ignored by hicexplorer because it exceeded search pattern filesize limit: mapping_quality_across_reference.txt
[2021-12-11 22:10:35,606] multiqc                                            [DEBUG  ]  File ignored by longranger/invocation because it exceeded search pattern filesize limit: mapping_quality_across_reference.txt
[2021-12-11 22:10:35,649] multiqc                                            [DEBUG  ]  File ignored by hicexplorer because it exceeded search pattern filesize limit: insert_size_across_reference.txt
[2021-12-11 22:10:35,652] multiqc                                            [DEBUG  ]  File ignored by longranger/invocation because it exceeded search pattern filesize limit: insert_size_across_reference.txt
[2021-12-11 22:10:42,994] multiqc.plots.bargraph                             [DEBUG  ]  Using matplotlib version 3.3.4
[2021-12-11 22:10:43,028] multiqc.plots.linegraph                            [DEBUG  ]  Using matplotlib version 3.3.4
[2021-12-11 22:10:43,044] multiqc                                            [DEBUG  ]  No samples found: custom_content
[2021-12-11 22:10:43,076] multiqc                                            [DEBUG  ]  No samples found: ngsderive
[2021-12-11 22:10:43,132] multiqc                                            [DEBUG  ]  No samples found: purple
[2021-12-11 22:10:43,192] multiqc                                            [DEBUG  ]  No samples found: conpair
[2021-12-11 22:10:43,274] multiqc                                            [DEBUG  ]  No samples found: peddy
[2021-12-11 22:10:43,345] multiqc                                            [DEBUG  ]  No samples found: somalier
[2021-12-11 22:10:43,407] multiqc                                            [DEBUG  ]  No samples found: methylQA
[2021-12-11 22:10:43,623] multiqc                                            [DEBUG  ]  No samples found: mosdepth
[2021-12-11 22:10:43,685] multiqc                                            [DEBUG  ]  No samples found: phantompeakqualtools
[2021-12-11 22:10:43,923] multiqc.modules.qualimap.QM_BamQC                  [DEBUG  ]  Using default Qualimap thresholds: 1, 5, 10, 30, 50
[2021-12-11 22:10:44,099] multiqc.modules.qualimap.qualimap                  [INFO   ]  Found 6 BamQC reports
[2021-12-11 22:10:44,140] multiqc                                            [DEBUG  ]  No samples found: preseq
[2021-12-11 22:10:44,182] multiqc                                            [DEBUG  ]  No samples found: quast
[2021-12-11 22:10:44,230] multiqc                                            [DEBUG  ]  No samples found: qorts
[2021-12-11 22:10:44,277] multiqc                                            [DEBUG  ]  No samples found: rna_seqc
[2021-12-11 22:10:44,317] multiqc                                            [DEBUG  ]  No samples found: rockhopper
[2021-12-11 22:10:44,369] multiqc                                            [DEBUG  ]  No samples found: rsem
[2021-12-11 22:10:44,533] multiqc                                            [DEBUG  ]  No samples found: rseqc
[2021-12-11 22:10:44,570] multiqc                                            [DEBUG  ]  No samples found: busco
[2021-12-11 22:10:44,612] multiqc                                            [DEBUG  ]  No samples found: goleft_indexcov
[2021-12-11 22:10:44,651] multiqc                                            [DEBUG  ]  No samples found: disambiguate
[2021-12-11 22:10:44,674] multiqc                                            [DEBUG  ]  No samples found: supernova
[2021-12-11 22:10:44,858] multiqc                                            [DEBUG  ]  No samples found: deeptools
[2021-12-11 22:10:44,926] multiqc                                            [DEBUG  ]  No samples found: sargasso
[2021-12-11 22:10:44,962] multiqc                                            [DEBUG  ]  No samples found: verifybamid
[2021-12-11 22:10:45,005] multiqc                                            [DEBUG  ]  No samples found: mirtrace
[2021-12-11 22:10:45,045] multiqc                                            [DEBUG  ]  No samples found: happy
[2021-12-11 22:10:45,093] multiqc                                            [DEBUG  ]  No samples found: mirtop
[2021-12-11 22:10:45,204] multiqc                                            [DEBUG  ]  No samples found: homer
[2021-12-11 22:10:45,230] multiqc                                            [DEBUG  ]  No samples found: hops
[2021-12-11 22:10:45,247] multiqc                                            [DEBUG  ]  No samples found: macs2
[2021-12-11 22:10:45,269] multiqc                                            [DEBUG  ]  No samples found: theta2
[2021-12-11 22:10:45,324] multiqc                                            [DEBUG  ]  No samples found: snpeff
[2021-12-11 22:10:45,430] multiqc                                            [DEBUG  ]  No samples found: gatk
[2021-12-11 22:10:45,475] multiqc                                            [DEBUG  ]  No samples found: htseq
[2021-12-11 22:10:45,502] multiqc                                            [DEBUG  ]  No samples found: bcftools
[2021-12-11 22:10:45,522] multiqc.modules.featureCounts.feature_counts       [INFO   ]  Found 6 reports
[2021-12-11 22:10:45,707] multiqc                                            [DEBUG  ]  No samples found: fgbio
[2021-12-11 22:10:45,952] multiqc                                            [DEBUG  ]  No samples found: dragen
[2021-12-11 22:10:45,975] multiqc                                            [DEBUG  ]  No samples found: dedup
[2021-12-11 22:10:45,986] multiqc                                            [DEBUG  ]  No samples found: damageprofiler
[2021-12-11 22:10:46,483] multiqc                                            [DEBUG  ]  No samples found: biobambam2
[2021-12-11 22:10:46,511] multiqc                                            [DEBUG  ]  No samples found: jcvi
[2021-12-11 22:10:46,556] multiqc                                            [DEBUG  ]  No samples found: mtnucratio
[2021-12-11 22:10:46,562] multiqc                                            [DEBUG  ]  No samples found: picard
[2021-12-11 22:10:46,619] multiqc                                            [DEBUG  ]  No samples found: sentieon
[2021-12-11 22:10:46,630] multiqc                                            [DEBUG  ]  No samples found: prokka
[2021-12-11 22:10:46,748] multiqc                                            [DEBUG  ]  No samples found: qc3C
[2021-12-11 22:10:46,767] multiqc                                            [DEBUG  ]  No samples found: samblaster
[2021-12-11 22:10:46,969] multiqc                                            [DEBUG  ]  No samples found: samtools
[2021-12-11 22:10:47,021] multiqc                                            [DEBUG  ]  No samples found: sexdeterrmine
[2021-12-11 22:10:47,043] multiqc                                            [DEBUG  ]  No samples found: eigenstratdatabasetools
[2021-12-11 22:10:47,073] multiqc                                            [DEBUG  ]  No samples found: bamtools
[2021-12-11 22:10:47,107] multiqc                                            [DEBUG  ]  No samples found: jellyfish
[2021-12-11 22:10:47,161] multiqc                                            [DEBUG  ]  No samples found: vcftools
[2021-12-11 22:10:47,194] multiqc                                            [DEBUG  ]  No samples found: longranger
[2021-12-11 22:10:47,218] multiqc                                            [DEBUG  ]  No samples found: stacks
[2021-12-11 22:10:47,248] multiqc                                            [DEBUG  ]  No samples found: varscan2
[2021-12-11 22:10:47,675] multiqc                                            [DEBUG  ]  No samples found: bbmap
[2021-12-11 22:10:47,728] multiqc                                            [DEBUG  ]  No samples found: bismark
[2021-12-11 22:10:47,785] multiqc                                            [DEBUG  ]  No samples found: biscuit
[2021-12-11 22:10:47,832] multiqc                                            [DEBUG  ]  No samples found: hicexplorer
[2021-12-11 22:10:47,873] multiqc                                            [DEBUG  ]  No samples found: hicup
[2021-12-11 22:10:47,908] multiqc                                            [DEBUG  ]  No samples found: hicpro
[2021-12-11 22:10:47,926] multiqc                                            [DEBUG  ]  No samples found: salmon
[2021-12-11 22:10:47,947] multiqc                                            [DEBUG  ]  No samples found: kallisto
[2021-12-11 22:10:47,979] multiqc                                            [DEBUG  ]  No samples found: slamdunk
[2021-12-11 22:10:48,017] multiqc                                            [DEBUG  ]  No samples found: star
[2021-12-11 22:10:48,058] multiqc                                            [DEBUG  ]  No samples found: hisat2
[2021-12-11 22:10:48,126] multiqc                                            [DEBUG  ]  No samples found: tophat
[2021-12-11 22:10:48,167] multiqc                                            [DEBUG  ]  No samples found: bowtie2
[2021-12-11 22:10:48,195] multiqc                                            [DEBUG  ]  No samples found: bowtie1
[2021-12-11 22:10:48,213] multiqc                                            [DEBUG  ]  No samples found: snpsplit
[2021-12-11 22:10:48,257] multiqc                                            [DEBUG  ]  No samples found: kat
[2021-12-11 22:10:48,295] multiqc                                            [DEBUG  ]  No samples found: leehom
[2021-12-11 22:10:48,351] multiqc                                            [DEBUG  ]  No samples found: adapterRemoval
[2021-12-11 22:10:48,381] multiqc                                            [DEBUG  ]  No samples found: clipandmerge
[2021-12-11 22:10:48,414] multiqc                                            [DEBUG  ]  No samples found: cutadapt
[2021-12-11 22:10:48,425] multiqc                                            [DEBUG  ]  No samples found: flexbar
[2021-12-11 22:10:48,462] multiqc                                            [DEBUG  ]  No samples found: kaiju
[2021-12-11 22:10:48,495] multiqc                                            [DEBUG  ]  No samples found: kraken
[2021-12-11 22:10:48,544] multiqc                                            [DEBUG  ]  No samples found: malt
[2021-12-11 22:10:48,599] multiqc                                            [DEBUG  ]  No samples found: trimmomatic
[2021-12-11 22:10:48,640] multiqc                                            [DEBUG  ]  No samples found: sickle
[2021-12-11 22:10:48,682] multiqc                                            [DEBUG  ]  No samples found: skewer
[2021-12-11 22:10:48,714] multiqc                                            [DEBUG  ]  No samples found: sortmerna
[2021-12-11 22:10:48,728] multiqc                                            [DEBUG  ]  No samples found: biobloomtools
[2021-12-11 22:10:48,762] multiqc                                            [DEBUG  ]  No samples found: fastq_screen
[2021-12-11 22:10:48,797] multiqc                                            [DEBUG  ]  No samples found: afterqc
[2021-12-11 22:10:48,834] multiqc                                            [DEBUG  ]  No samples found: fastp
[2021-12-11 22:10:48,869] multiqc                                            [DEBUG  ]  No samples found: fastqc
[2021-12-11 22:10:48,914] multiqc                                            [DEBUG  ]  No samples found: pychopper
[2021-12-11 22:10:48,947] multiqc                                            [DEBUG  ]  No samples found: pycoqc
[2021-12-11 22:10:48,979] multiqc                                            [DEBUG  ]  No samples found: minionqc
[2021-12-11 22:10:49,014] multiqc                                            [DEBUG  ]  No samples found: multivcfanalyzer
[2021-12-11 22:10:49,027] multiqc                                            [DEBUG  ]  No samples found: clusterflow
[2021-12-11 22:10:49,056] multiqc                                            [DEBUG  ]  No samples found: bcl2fastq
[2021-12-11 22:10:49,092] multiqc                                            [DEBUG  ]  No samples found: interop
[2021-12-11 22:10:49,153] multiqc                                            [DEBUG  ]  No samples found: ivar
[2021-12-11 22:10:49,182] multiqc                                            [DEBUG  ]  No samples found: flash
[2021-12-11 22:10:49,208] multiqc                                            [DEBUG  ]  No samples found: seqyclean
[2021-12-11 22:10:49,238] multiqc                                            [DEBUG  ]  No samples found: optitype
[2021-12-11 22:10:49,283] multiqc                                            [INFO   ]  Compressing plot data
[2021-12-11 22:10:49,407] multiqc                                            [INFO   ]  Report      : project/human_data/output/visualize/report/report_align_count.html
[2021-12-11 22:10:49,407] multiqc                                            [INFO   ]  Data        : project/human_data/output/visualize/report/report_align_count_data
[2021-12-11 22:10:49,407] multiqc                                            [DEBUG  ]  Moving data file from '/tmp/tmpg5_snbua/multiqc_data' to '/home/zpzhou/wuyue/snakemake/RNApipe/project/human_data/output/visualize/report/report_align_count_data'
[2021-12-11 22:10:50,409] multiqc                                            [INFO   ]  MultiQC complete
