[2021-12-11 19:11:53,320] multiqc                                            [DEBUG  ]  No MultiQC config found: /home/zpzhou/software/conda3/envs/RNApipe/lib/python3.9/site-packages/multiqc_config.yaml
[2021-12-11 19:11:53,321] multiqc                                            [DEBUG  ]  No MultiQC config found: /home/zpzhou/.multiqc_config.yaml
[2021-12-11 19:11:53,321] multiqc                                            [DEBUG  ]  No MultiQC config found: multiqc_config.yaml
[2021-12-11 19:11:53,321] multiqc                                            [DEBUG  ]  Command used: /home/zpzhou/software/conda3/envs/RNApipe/bin/multiqc project/At_data/output/align/hisat2/root_1_BAMqc project/At_data/output/align/hisat2/root_2_BAMqc project/At_data/output/align/hisat2/root_3_BAMqc project/At_data/output/align/hisat2/shoot_1_BAMqc project/At_data/output/align/hisat2/shoot_2_BAMqc project/At_data/output/align/hisat2/shoot_3_BAMqc project/At_data/output/quantify/featureCounts/genome.tsv.summary --filename project/At_data/output/visualize/report/report_align_count.html
[2021-12-11 19:11:53,334] multiqc                                            [DEBUG  ]  Could not connect to multiqc.info for version check: <urlopen error [Errno -3] Temporary failure in name resolution>
[2021-12-11 19:11:53,335] multiqc                                            [INFO   ]  This is MultiQC v1.10.1
[2021-12-11 19:11:53,335] multiqc                                            [DEBUG  ]  Command     : /home/zpzhou/software/conda3/envs/RNApipe/bin/multiqc project/At_data/output/align/hisat2/root_1_BAMqc project/At_data/output/align/hisat2/root_2_BAMqc project/At_data/output/align/hisat2/root_3_BAMqc project/At_data/output/align/hisat2/shoot_1_BAMqc project/At_data/output/align/hisat2/shoot_2_BAMqc project/At_data/output/align/hisat2/shoot_3_BAMqc project/At_data/output/quantify/featureCounts/genome.tsv.summary --filename project/At_data/output/visualize/report/report_align_count.html
[2021-12-11 19:11:53,335] multiqc                                            [DEBUG  ]  Working dir : /home/zpzhou/wuyue/snakemake/RNApipe
[2021-12-11 19:11:53,335] multiqc                                            [INFO   ]  Template    : default
[2021-12-11 19:11:53,335] multiqc                                            [DEBUG  ]  Running Python 3.9.5 (default, Jun  4 2021, 12:28:51)  [GCC 7.5.0]
[2021-12-11 19:11:53,335] multiqc                                            [INFO   ]  Searching   : /home/zpzhou/wuyue/snakemake/RNApipe/project/At_data/output/align/hisat2/root_1_BAMqc
[2021-12-11 19:11:53,335] multiqc                                            [INFO   ]  Searching   : /home/zpzhou/wuyue/snakemake/RNApipe/project/At_data/output/align/hisat2/root_2_BAMqc
[2021-12-11 19:11:53,335] multiqc                                            [INFO   ]  Searching   : /home/zpzhou/wuyue/snakemake/RNApipe/project/At_data/output/align/hisat2/root_3_BAMqc
[2021-12-11 19:11:53,336] multiqc                                            [INFO   ]  Searching   : /home/zpzhou/wuyue/snakemake/RNApipe/project/At_data/output/align/hisat2/shoot_1_BAMqc
[2021-12-11 19:11:53,336] multiqc                                            [INFO   ]  Searching   : /home/zpzhou/wuyue/snakemake/RNApipe/project/At_data/output/align/hisat2/shoot_2_BAMqc
[2021-12-11 19:11:53,336] multiqc                                            [INFO   ]  Searching   : /home/zpzhou/wuyue/snakemake/RNApipe/project/At_data/output/align/hisat2/shoot_3_BAMqc
[2021-12-11 19:11:53,336] multiqc                                            [INFO   ]  Searching   : /home/zpzhou/wuyue/snakemake/RNApipe/project/At_data/output/quantify/featureCounts/genome.tsv.summary
[2021-12-11 19:11:53,337] multiqc                                            [DEBUG  ]  Analysing modules: custom_content, ngsderive, purple, conpair, peddy, somalier, methylQA, mosdepth, phantompeakqualtools, qualimap, preseq, quast, qorts, rna_seqc, rockhopper, rsem, rseqc, busco, goleft_indexcov, disambiguate, supernova, deeptools, sargasso, verifybamid, mirtrace, happy, mirtop, homer, hops, macs2, theta2, snpeff, gatk, htseq, bcftools, featureCounts, fgbio, dragen, dedup, damageprofiler, biobambam2, jcvi, mtnucratio, picard, sentieon, prokka, qc3C, samblaster, samtools, sexdeterrmine, eigenstratdatabasetools, bamtools, jellyfish, vcftools, longranger, stacks, varscan2, bbmap, bismark, biscuit, hicexplorer, hicup, hicpro, salmon, kallisto, slamdunk, star, hisat2, tophat, bowtie2, bowtie1, snpsplit, kat, leehom, adapterRemoval, clipandmerge, cutadapt, flexbar, kaiju, kraken, malt, trimmomatic, sickle, skewer, sortmerna, biobloomtools, fastq_screen, afterqc, fastp, fastqc, pychopper, pycoqc, minionqc, multivcfanalyzer, clusterflow, bcl2fastq, interop, ivar, flash, seqyclean, optitype
[2021-12-11 19:11:53,340] multiqc                                            [DEBUG  ]  Using temporary directory for creating report: /tmp/tmpx5d9r_mx
[2021-12-11 19:11:53,567] multiqc                                            [DEBUG  ]  Ignoring file as matched an ignore pattern: qualimapReport.html
[2021-12-11 19:11:53,638] multiqc                                            [DEBUG  ]  File ignored by hicexplorer because it exceeded search pattern filesize limit: agogo.css
[2021-12-11 19:11:53,642] multiqc                                            [DEBUG  ]  File ignored by longranger/invocation because it exceeded search pattern filesize limit: agogo.css
[2021-12-11 19:11:53,670] multiqc                                            [DEBUG  ]  File ignored by hicexplorer because it exceeded search pattern filesize limit: basic.css
[2021-12-11 19:11:53,675] multiqc                                            [DEBUG  ]  File ignored by longranger/invocation because it exceeded search pattern filesize limit: basic.css
[2021-12-11 19:11:53,709] multiqc                                            [DEBUG  ]  File ignored by hicexplorer because it exceeded search pattern filesize limit: doctools.js
[2021-12-11 19:11:53,714] multiqc                                            [DEBUG  ]  File ignored by longranger/invocation because it exceeded search pattern filesize limit: doctools.js
[2021-12-11 19:11:53,737] multiqc                                            [DEBUG  ]  File ignored by hicexplorer because it exceeded search pattern filesize limit: jquery.js
[2021-12-11 19:11:53,741] multiqc                                            [DEBUG  ]  File ignored by longranger/invocation because it exceeded search pattern filesize limit: jquery.js
[2021-12-11 19:11:53,770] multiqc                                            [DEBUG  ]  File ignored by longranger/invocation because it exceeded search pattern filesize limit: pygments.css
[2021-12-11 19:11:53,804] multiqc                                            [DEBUG  ]  File ignored by hicexplorer because it exceeded search pattern filesize limit: searchtools.js
[2021-12-11 19:11:53,808] multiqc                                            [DEBUG  ]  File ignored by longranger/invocation because it exceeded search pattern filesize limit: searchtools.js
[2021-12-11 19:11:53,833] multiqc                                            [DEBUG  ]  File ignored by hicexplorer because it exceeded search pattern filesize limit: underscore.js
[2021-12-11 19:11:53,837] multiqc                                            [DEBUG  ]  File ignored by longranger/invocation because it exceeded search pattern filesize limit: underscore.js
[2021-12-11 19:11:53,855] multiqc                                            [DEBUG  ]  File ignored by hicexplorer because it exceeded search pattern filesize limit: websupport.js
[2021-12-11 19:11:53,859] multiqc                                            [DEBUG  ]  File ignored by longranger/invocation because it exceeded search pattern filesize limit: websupport.js
[2021-12-11 19:11:53,889] multiqc                                            [DEBUG  ]  File ignored by hicexplorer because it exceeded search pattern filesize limit: coverage_across_reference.txt
[2021-12-11 19:11:53,892] multiqc                                            [DEBUG  ]  File ignored by longranger/invocation because it exceeded search pattern filesize limit: coverage_across_reference.txt
[2021-12-11 19:11:53,932] multiqc                                            [DEBUG  ]  File ignored by hicexplorer because it exceeded search pattern filesize limit: mapped_reads_nucleotide_content.txt
[2021-12-11 19:11:53,935] multiqc                                            [DEBUG  ]  File ignored by longranger/invocation because it exceeded search pattern filesize limit: mapped_reads_nucleotide_content.txt
[2021-12-11 19:11:53,988] multiqc                                            [DEBUG  ]  File ignored by hicexplorer because it exceeded search pattern filesize limit: mapping_quality_across_reference.txt
[2021-12-11 19:11:53,992] multiqc                                            [DEBUG  ]  File ignored by longranger/invocation because it exceeded search pattern filesize limit: mapping_quality_across_reference.txt
[2021-12-11 19:11:54,027] multiqc                                            [DEBUG  ]  Ignoring file as matched an ignore pattern: qualimapReport.html
[2021-12-11 19:11:54,068] multiqc                                            [DEBUG  ]  File ignored by hicexplorer because it exceeded search pattern filesize limit: agogo.css
[2021-12-11 19:11:54,072] multiqc                                            [DEBUG  ]  File ignored by longranger/invocation because it exceeded search pattern filesize limit: agogo.css
[2021-12-11 19:11:54,095] multiqc                                            [DEBUG  ]  File ignored by hicexplorer because it exceeded search pattern filesize limit: basic.css
[2021-12-11 19:11:54,099] multiqc                                            [DEBUG  ]  File ignored by longranger/invocation because it exceeded search pattern filesize limit: basic.css
[2021-12-11 19:11:54,129] multiqc                                            [DEBUG  ]  File ignored by hicexplorer because it exceeded search pattern filesize limit: doctools.js
[2021-12-11 19:11:54,133] multiqc                                            [DEBUG  ]  File ignored by longranger/invocation because it exceeded search pattern filesize limit: doctools.js
[2021-12-11 19:11:54,156] multiqc                                            [DEBUG  ]  File ignored by hicexplorer because it exceeded search pattern filesize limit: jquery.js
[2021-12-11 19:11:54,161] multiqc                                            [DEBUG  ]  File ignored by longranger/invocation because it exceeded search pattern filesize limit: jquery.js
[2021-12-11 19:11:54,190] multiqc                                            [DEBUG  ]  File ignored by longranger/invocation because it exceeded search pattern filesize limit: pygments.css
[2021-12-11 19:11:54,224] multiqc                                            [DEBUG  ]  File ignored by hicexplorer because it exceeded search pattern filesize limit: searchtools.js
[2021-12-11 19:11:54,228] multiqc                                            [DEBUG  ]  File ignored by longranger/invocation because it exceeded search pattern filesize limit: searchtools.js
[2021-12-11 19:11:54,254] multiqc                                            [DEBUG  ]  File ignored by hicexplorer because it exceeded search pattern filesize limit: underscore.js
[2021-12-11 19:11:54,258] multiqc                                            [DEBUG  ]  File ignored by longranger/invocation because it exceeded search pattern filesize limit: underscore.js
[2021-12-11 19:11:54,276] multiqc                                            [DEBUG  ]  File ignored by hicexplorer because it exceeded search pattern filesize limit: websupport.js
[2021-12-11 19:11:54,280] multiqc                                            [DEBUG  ]  File ignored by longranger/invocation because it exceeded search pattern filesize limit: websupport.js
[2021-12-11 19:11:54,311] multiqc                                            [DEBUG  ]  File ignored by hicexplorer because it exceeded search pattern filesize limit: coverage_across_reference.txt
[2021-12-11 19:11:54,315] multiqc                                            [DEBUG  ]  File ignored by longranger/invocation because it exceeded search pattern filesize limit: coverage_across_reference.txt
[2021-12-11 19:11:54,357] multiqc                                            [DEBUG  ]  File ignored by hicexplorer because it exceeded search pattern filesize limit: mapped_reads_nucleotide_content.txt
[2021-12-11 19:11:54,361] multiqc                                            [DEBUG  ]  File ignored by longranger/invocation because it exceeded search pattern filesize limit: mapped_reads_nucleotide_content.txt
[2021-12-11 19:11:54,412] multiqc                                            [DEBUG  ]  File ignored by hicexplorer because it exceeded search pattern filesize limit: mapping_quality_across_reference.txt
[2021-12-11 19:11:54,416] multiqc                                            [DEBUG  ]  File ignored by longranger/invocation because it exceeded search pattern filesize limit: mapping_quality_across_reference.txt
[2021-12-11 19:11:54,450] multiqc                                            [DEBUG  ]  Ignoring file as matched an ignore pattern: qualimapReport.html
[2021-12-11 19:11:54,491] multiqc                                            [DEBUG  ]  File ignored by hicexplorer because it exceeded search pattern filesize limit: agogo.css
[2021-12-11 19:11:54,495] multiqc                                            [DEBUG  ]  File ignored by longranger/invocation because it exceeded search pattern filesize limit: agogo.css
[2021-12-11 19:11:54,518] multiqc                                            [DEBUG  ]  File ignored by hicexplorer because it exceeded search pattern filesize limit: basic.css
[2021-12-11 19:11:54,522] multiqc                                            [DEBUG  ]  File ignored by longranger/invocation because it exceeded search pattern filesize limit: basic.css
[2021-12-11 19:11:54,553] multiqc                                            [DEBUG  ]  File ignored by hicexplorer because it exceeded search pattern filesize limit: doctools.js
[2021-12-11 19:11:54,557] multiqc                                            [DEBUG  ]  File ignored by longranger/invocation because it exceeded search pattern filesize limit: doctools.js
[2021-12-11 19:11:54,580] multiqc                                            [DEBUG  ]  File ignored by hicexplorer because it exceeded search pattern filesize limit: jquery.js
[2021-12-11 19:11:54,584] multiqc                                            [DEBUG  ]  File ignored by longranger/invocation because it exceeded search pattern filesize limit: jquery.js
[2021-12-11 19:11:54,612] multiqc                                            [DEBUG  ]  File ignored by longranger/invocation because it exceeded search pattern filesize limit: pygments.css
[2021-12-11 19:11:54,646] multiqc                                            [DEBUG  ]  File ignored by hicexplorer because it exceeded search pattern filesize limit: searchtools.js
[2021-12-11 19:11:54,650] multiqc                                            [DEBUG  ]  File ignored by longranger/invocation because it exceeded search pattern filesize limit: searchtools.js
[2021-12-11 19:11:54,675] multiqc                                            [DEBUG  ]  File ignored by hicexplorer because it exceeded search pattern filesize limit: underscore.js
[2021-12-11 19:11:54,678] multiqc                                            [DEBUG  ]  File ignored by longranger/invocation because it exceeded search pattern filesize limit: underscore.js
[2021-12-11 19:11:54,697] multiqc                                            [DEBUG  ]  File ignored by hicexplorer because it exceeded search pattern filesize limit: websupport.js
[2021-12-11 19:11:54,702] multiqc                                            [DEBUG  ]  File ignored by longranger/invocation because it exceeded search pattern filesize limit: websupport.js
[2021-12-11 19:11:54,733] multiqc                                            [DEBUG  ]  File ignored by hicexplorer because it exceeded search pattern filesize limit: coverage_across_reference.txt
[2021-12-11 19:11:54,737] multiqc                                            [DEBUG  ]  File ignored by longranger/invocation because it exceeded search pattern filesize limit: coverage_across_reference.txt
[2021-12-11 19:11:54,780] multiqc                                            [DEBUG  ]  File ignored by hicexplorer because it exceeded search pattern filesize limit: mapped_reads_nucleotide_content.txt
[2021-12-11 19:11:54,784] multiqc                                            [DEBUG  ]  File ignored by longranger/invocation because it exceeded search pattern filesize limit: mapped_reads_nucleotide_content.txt
[2021-12-11 19:11:54,835] multiqc                                            [DEBUG  ]  File ignored by hicexplorer because it exceeded search pattern filesize limit: mapping_quality_across_reference.txt
[2021-12-11 19:11:54,839] multiqc                                            [DEBUG  ]  File ignored by longranger/invocation because it exceeded search pattern filesize limit: mapping_quality_across_reference.txt
[2021-12-11 19:11:54,873] multiqc                                            [DEBUG  ]  Ignoring file as matched an ignore pattern: qualimapReport.html
[2021-12-11 19:11:54,913] multiqc                                            [DEBUG  ]  File ignored by hicexplorer because it exceeded search pattern filesize limit: agogo.css
[2021-12-11 19:11:54,917] multiqc                                            [DEBUG  ]  File ignored by longranger/invocation because it exceeded search pattern filesize limit: agogo.css
[2021-12-11 19:11:54,941] multiqc                                            [DEBUG  ]  File ignored by hicexplorer because it exceeded search pattern filesize limit: basic.css
[2021-12-11 19:11:54,945] multiqc                                            [DEBUG  ]  File ignored by longranger/invocation because it exceeded search pattern filesize limit: basic.css
[2021-12-11 19:11:54,984] multiqc                                            [DEBUG  ]  File ignored by hicexplorer because it exceeded search pattern filesize limit: doctools.js
[2021-12-11 19:11:54,988] multiqc                                            [DEBUG  ]  File ignored by longranger/invocation because it exceeded search pattern filesize limit: doctools.js
[2021-12-11 19:11:55,011] multiqc                                            [DEBUG  ]  File ignored by hicexplorer because it exceeded search pattern filesize limit: jquery.js
[2021-12-11 19:11:55,015] multiqc                                            [DEBUG  ]  File ignored by longranger/invocation because it exceeded search pattern filesize limit: jquery.js
[2021-12-11 19:11:55,044] multiqc                                            [DEBUG  ]  File ignored by longranger/invocation because it exceeded search pattern filesize limit: pygments.css
[2021-12-11 19:11:55,079] multiqc                                            [DEBUG  ]  File ignored by hicexplorer because it exceeded search pattern filesize limit: searchtools.js
[2021-12-11 19:11:55,083] multiqc                                            [DEBUG  ]  File ignored by longranger/invocation because it exceeded search pattern filesize limit: searchtools.js
[2021-12-11 19:11:55,110] multiqc                                            [DEBUG  ]  File ignored by hicexplorer because it exceeded search pattern filesize limit: underscore.js
[2021-12-11 19:11:55,114] multiqc                                            [DEBUG  ]  File ignored by longranger/invocation because it exceeded search pattern filesize limit: underscore.js
[2021-12-11 19:11:55,132] multiqc                                            [DEBUG  ]  File ignored by hicexplorer because it exceeded search pattern filesize limit: websupport.js
[2021-12-11 19:11:55,136] multiqc                                            [DEBUG  ]  File ignored by longranger/invocation because it exceeded search pattern filesize limit: websupport.js
[2021-12-11 19:11:55,170] multiqc                                            [DEBUG  ]  File ignored by hicexplorer because it exceeded search pattern filesize limit: coverage_across_reference.txt
[2021-12-11 19:11:55,174] multiqc                                            [DEBUG  ]  File ignored by longranger/invocation because it exceeded search pattern filesize limit: coverage_across_reference.txt
[2021-12-11 19:11:55,215] multiqc                                            [DEBUG  ]  File ignored by hicexplorer because it exceeded search pattern filesize limit: mapped_reads_nucleotide_content.txt
[2021-12-11 19:11:55,220] multiqc                                            [DEBUG  ]  File ignored by longranger/invocation because it exceeded search pattern filesize limit: mapped_reads_nucleotide_content.txt
[2021-12-11 19:11:55,274] multiqc                                            [DEBUG  ]  File ignored by hicexplorer because it exceeded search pattern filesize limit: mapping_quality_across_reference.txt
[2021-12-11 19:11:55,278] multiqc                                            [DEBUG  ]  File ignored by longranger/invocation because it exceeded search pattern filesize limit: mapping_quality_across_reference.txt
[2021-12-11 19:11:55,312] multiqc                                            [DEBUG  ]  Ignoring file as matched an ignore pattern: qualimapReport.html
[2021-12-11 19:11:55,353] multiqc                                            [DEBUG  ]  File ignored by hicexplorer because it exceeded search pattern filesize limit: agogo.css
[2021-12-11 19:11:55,357] multiqc                                            [DEBUG  ]  File ignored by longranger/invocation because it exceeded search pattern filesize limit: agogo.css
[2021-12-11 19:11:55,380] multiqc                                            [DEBUG  ]  File ignored by hicexplorer because it exceeded search pattern filesize limit: basic.css
[2021-12-11 19:11:55,384] multiqc                                            [DEBUG  ]  File ignored by longranger/invocation because it exceeded search pattern filesize limit: basic.css
[2021-12-11 19:11:55,416] multiqc                                            [DEBUG  ]  File ignored by hicexplorer because it exceeded search pattern filesize limit: doctools.js
[2021-12-11 19:11:55,419] multiqc                                            [DEBUG  ]  File ignored by longranger/invocation because it exceeded search pattern filesize limit: doctools.js
[2021-12-11 19:11:55,444] multiqc                                            [DEBUG  ]  File ignored by hicexplorer because it exceeded search pattern filesize limit: jquery.js
[2021-12-11 19:11:55,448] multiqc                                            [DEBUG  ]  File ignored by longranger/invocation because it exceeded search pattern filesize limit: jquery.js
[2021-12-11 19:11:55,478] multiqc                                            [DEBUG  ]  File ignored by longranger/invocation because it exceeded search pattern filesize limit: pygments.css
[2021-12-11 19:11:55,512] multiqc                                            [DEBUG  ]  File ignored by hicexplorer because it exceeded search pattern filesize limit: searchtools.js
[2021-12-11 19:11:55,516] multiqc                                            [DEBUG  ]  File ignored by longranger/invocation because it exceeded search pattern filesize limit: searchtools.js
[2021-12-11 19:11:55,542] multiqc                                            [DEBUG  ]  File ignored by hicexplorer because it exceeded search pattern filesize limit: underscore.js
[2021-12-11 19:11:55,546] multiqc                                            [DEBUG  ]  File ignored by longranger/invocation because it exceeded search pattern filesize limit: underscore.js
[2021-12-11 19:11:55,564] multiqc                                            [DEBUG  ]  File ignored by hicexplorer because it exceeded search pattern filesize limit: websupport.js
[2021-12-11 19:11:55,568] multiqc                                            [DEBUG  ]  File ignored by longranger/invocation because it exceeded search pattern filesize limit: websupport.js
[2021-12-11 19:11:55,598] multiqc                                            [DEBUG  ]  File ignored by hicexplorer because it exceeded search pattern filesize limit: coverage_across_reference.txt
[2021-12-11 19:11:55,602] multiqc                                            [DEBUG  ]  File ignored by longranger/invocation because it exceeded search pattern filesize limit: coverage_across_reference.txt
[2021-12-11 19:11:55,642] multiqc                                            [DEBUG  ]  File ignored by hicexplorer because it exceeded search pattern filesize limit: mapped_reads_nucleotide_content.txt
[2021-12-11 19:11:55,646] multiqc                                            [DEBUG  ]  File ignored by longranger/invocation because it exceeded search pattern filesize limit: mapped_reads_nucleotide_content.txt
[2021-12-11 19:11:55,699] multiqc                                            [DEBUG  ]  File ignored by hicexplorer because it exceeded search pattern filesize limit: mapping_quality_across_reference.txt
[2021-12-11 19:11:55,703] multiqc                                            [DEBUG  ]  File ignored by longranger/invocation because it exceeded search pattern filesize limit: mapping_quality_across_reference.txt
[2021-12-11 19:11:55,736] multiqc                                            [DEBUG  ]  Ignoring file as matched an ignore pattern: qualimapReport.html
[2021-12-11 19:11:55,778] multiqc                                            [DEBUG  ]  File ignored by hicexplorer because it exceeded search pattern filesize limit: agogo.css
[2021-12-11 19:11:55,782] multiqc                                            [DEBUG  ]  File ignored by longranger/invocation because it exceeded search pattern filesize limit: agogo.css
[2021-12-11 19:11:55,805] multiqc                                            [DEBUG  ]  File ignored by hicexplorer because it exceeded search pattern filesize limit: basic.css
[2021-12-11 19:11:55,809] multiqc                                            [DEBUG  ]  File ignored by longranger/invocation because it exceeded search pattern filesize limit: basic.css
[2021-12-11 19:11:55,840] multiqc                                            [DEBUG  ]  File ignored by hicexplorer because it exceeded search pattern filesize limit: doctools.js
[2021-12-11 19:11:55,844] multiqc                                            [DEBUG  ]  File ignored by longranger/invocation because it exceeded search pattern filesize limit: doctools.js
[2021-12-11 19:11:55,869] multiqc                                            [DEBUG  ]  File ignored by hicexplorer because it exceeded search pattern filesize limit: jquery.js
[2021-12-11 19:11:55,873] multiqc                                            [DEBUG  ]  File ignored by longranger/invocation because it exceeded search pattern filesize limit: jquery.js
[2021-12-11 19:11:55,902] multiqc                                            [DEBUG  ]  File ignored by longranger/invocation because it exceeded search pattern filesize limit: pygments.css
[2021-12-11 19:11:55,937] multiqc                                            [DEBUG  ]  File ignored by hicexplorer because it exceeded search pattern filesize limit: searchtools.js
[2021-12-11 19:11:55,942] multiqc                                            [DEBUG  ]  File ignored by longranger/invocation because it exceeded search pattern filesize limit: searchtools.js
[2021-12-11 19:11:55,968] multiqc                                            [DEBUG  ]  File ignored by hicexplorer because it exceeded search pattern filesize limit: underscore.js
[2021-12-11 19:11:55,972] multiqc                                            [DEBUG  ]  File ignored by longranger/invocation because it exceeded search pattern filesize limit: underscore.js
[2021-12-11 19:11:55,990] multiqc                                            [DEBUG  ]  File ignored by hicexplorer because it exceeded search pattern filesize limit: websupport.js
[2021-12-11 19:11:55,994] multiqc                                            [DEBUG  ]  File ignored by longranger/invocation because it exceeded search pattern filesize limit: websupport.js
[2021-12-11 19:11:56,024] multiqc                                            [DEBUG  ]  File ignored by hicexplorer because it exceeded search pattern filesize limit: coverage_across_reference.txt
[2021-12-11 19:11:56,028] multiqc                                            [DEBUG  ]  File ignored by longranger/invocation because it exceeded search pattern filesize limit: coverage_across_reference.txt
[2021-12-11 19:11:56,069] multiqc                                            [DEBUG  ]  File ignored by hicexplorer because it exceeded search pattern filesize limit: mapped_reads_nucleotide_content.txt
[2021-12-11 19:11:56,073] multiqc                                            [DEBUG  ]  File ignored by longranger/invocation because it exceeded search pattern filesize limit: mapped_reads_nucleotide_content.txt
[2021-12-11 19:11:56,123] multiqc                                            [DEBUG  ]  File ignored by hicexplorer because it exceeded search pattern filesize limit: mapping_quality_across_reference.txt
[2021-12-11 19:11:56,127] multiqc                                            [DEBUG  ]  File ignored by longranger/invocation because it exceeded search pattern filesize limit: mapping_quality_across_reference.txt
[2021-12-11 19:11:59,114] multiqc.plots.bargraph                             [DEBUG  ]  Using matplotlib version 3.3.4
[2021-12-11 19:11:59,116] multiqc.plots.linegraph                            [DEBUG  ]  Using matplotlib version 3.3.4
[2021-12-11 19:11:59,118] multiqc                                            [DEBUG  ]  No samples found: custom_content
[2021-12-11 19:11:59,128] multiqc                                            [DEBUG  ]  No samples found: ngsderive
[2021-12-11 19:11:59,138] multiqc                                            [DEBUG  ]  No samples found: purple
[2021-12-11 19:11:59,147] multiqc                                            [DEBUG  ]  No samples found: conpair
[2021-12-11 19:11:59,155] multiqc                                            [DEBUG  ]  No samples found: peddy
[2021-12-11 19:11:59,165] multiqc                                            [DEBUG  ]  No samples found: somalier
[2021-12-11 19:11:59,174] multiqc                                            [DEBUG  ]  No samples found: methylQA
[2021-12-11 19:11:59,186] multiqc                                            [DEBUG  ]  No samples found: mosdepth
[2021-12-11 19:11:59,195] multiqc                                            [DEBUG  ]  No samples found: phantompeakqualtools
[2021-12-11 19:11:59,431] multiqc.modules.qualimap.QM_BamQC                  [DEBUG  ]  Using default Qualimap thresholds: 1, 5, 10, 30, 50
[2021-12-11 19:11:59,583] multiqc.modules.qualimap.qualimap                  [INFO   ]  Found 6 BamQC reports
[2021-12-11 19:11:59,590] multiqc                                            [DEBUG  ]  No samples found: preseq
[2021-12-11 19:11:59,595] multiqc                                            [DEBUG  ]  No samples found: quast
[2021-12-11 19:11:59,601] multiqc                                            [DEBUG  ]  No samples found: qorts
[2021-12-11 19:11:59,607] multiqc                                            [DEBUG  ]  No samples found: rna_seqc
[2021-12-11 19:11:59,613] multiqc                                            [DEBUG  ]  No samples found: rockhopper
[2021-12-11 19:11:59,619] multiqc                                            [DEBUG  ]  No samples found: rsem
[2021-12-11 19:11:59,631] multiqc                                            [DEBUG  ]  No samples found: rseqc
[2021-12-11 19:11:59,638] multiqc                                            [DEBUG  ]  No samples found: busco
[2021-12-11 19:11:59,645] multiqc                                            [DEBUG  ]  No samples found: goleft_indexcov
[2021-12-11 19:11:59,651] multiqc                                            [DEBUG  ]  No samples found: disambiguate
[2021-12-11 19:11:59,659] multiqc                                            [DEBUG  ]  No samples found: supernova
[2021-12-11 19:11:59,673] multiqc                                            [DEBUG  ]  No samples found: deeptools
[2021-12-11 19:11:59,680] multiqc                                            [DEBUG  ]  No samples found: sargasso
[2021-12-11 19:11:59,687] multiqc                                            [DEBUG  ]  No samples found: verifybamid
[2021-12-11 19:11:59,694] multiqc                                            [DEBUG  ]  No samples found: mirtrace
[2021-12-11 19:11:59,703] multiqc                                            [DEBUG  ]  No samples found: happy
[2021-12-11 19:11:59,710] multiqc                                            [DEBUG  ]  No samples found: mirtop
[2021-12-11 19:11:59,719] multiqc                                            [DEBUG  ]  No samples found: homer
[2021-12-11 19:11:59,726] multiqc                                            [DEBUG  ]  No samples found: hops
[2021-12-11 19:11:59,734] multiqc                                            [DEBUG  ]  No samples found: macs2
[2021-12-11 19:11:59,741] multiqc                                            [DEBUG  ]  No samples found: theta2
[2021-12-11 19:11:59,749] multiqc                                            [DEBUG  ]  No samples found: snpeff
[2021-12-11 19:11:59,758] multiqc                                            [DEBUG  ]  No samples found: gatk
[2021-12-11 19:11:59,766] multiqc                                            [DEBUG  ]  No samples found: htseq
[2021-12-11 19:11:59,774] multiqc                                            [DEBUG  ]  No samples found: bcftools
[2021-12-11 19:11:59,784] multiqc.modules.featureCounts.feature_counts       [INFO   ]  Found 6 reports
[2021-12-11 19:11:59,803] multiqc                                            [DEBUG  ]  No samples found: fgbio
[2021-12-11 19:11:59,820] multiqc                                            [DEBUG  ]  No samples found: dragen
[2021-12-11 19:11:59,828] multiqc                                            [DEBUG  ]  No samples found: dedup
[2021-12-11 19:11:59,836] multiqc                                            [DEBUG  ]  No samples found: damageprofiler
[2021-12-11 19:11:59,863] multiqc                                            [DEBUG  ]  No samples found: biobambam2
[2021-12-11 19:11:59,871] multiqc                                            [DEBUG  ]  No samples found: jcvi
[2021-12-11 19:11:59,879] multiqc                                            [DEBUG  ]  No samples found: mtnucratio
[2021-12-11 19:11:59,886] multiqc                                            [DEBUG  ]  No samples found: picard
[2021-12-11 19:11:59,897] multiqc                                            [DEBUG  ]  No samples found: sentieon
[2021-12-11 19:11:59,906] multiqc                                            [DEBUG  ]  No samples found: prokka
[2021-12-11 19:11:59,914] multiqc                                            [DEBUG  ]  No samples found: qc3C
[2021-12-11 19:11:59,922] multiqc                                            [DEBUG  ]  No samples found: samblaster
[2021-12-11 19:11:59,934] multiqc                                            [DEBUG  ]  No samples found: samtools
[2021-12-11 19:11:59,942] multiqc                                            [DEBUG  ]  No samples found: sexdeterrmine
[2021-12-11 19:11:59,950] multiqc                                            [DEBUG  ]  No samples found: eigenstratdatabasetools
[2021-12-11 19:11:59,958] multiqc                                            [DEBUG  ]  No samples found: bamtools
[2021-12-11 19:11:59,966] multiqc                                            [DEBUG  ]  No samples found: jellyfish
[2021-12-11 19:11:59,977] multiqc                                            [DEBUG  ]  No samples found: vcftools
[2021-12-11 19:11:59,986] multiqc                                            [DEBUG  ]  No samples found: longranger
[2021-12-11 19:11:59,994] multiqc                                            [DEBUG  ]  No samples found: stacks
[2021-12-11 19:12:00,002] multiqc                                            [DEBUG  ]  No samples found: varscan2
[2021-12-11 19:12:00,019] multiqc                                            [DEBUG  ]  No samples found: bbmap
[2021-12-11 19:12:00,027] multiqc                                            [DEBUG  ]  No samples found: bismark
[2021-12-11 19:12:00,036] multiqc                                            [DEBUG  ]  No samples found: biscuit
[2021-12-11 19:12:00,046] multiqc                                            [DEBUG  ]  No samples found: hicexplorer
[2021-12-11 19:12:00,053] multiqc                                            [DEBUG  ]  No samples found: hicup
[2021-12-11 19:12:00,063] multiqc                                            [DEBUG  ]  No samples found: hicpro
[2021-12-11 19:12:00,071] multiqc                                            [DEBUG  ]  No samples found: salmon
[2021-12-11 19:12:00,080] multiqc                                            [DEBUG  ]  No samples found: kallisto
[2021-12-11 19:12:00,088] multiqc                                            [DEBUG  ]  No samples found: slamdunk
[2021-12-11 19:12:00,097] multiqc                                            [DEBUG  ]  No samples found: star
[2021-12-11 19:12:00,105] multiqc                                            [DEBUG  ]  No samples found: hisat2
[2021-12-11 19:12:00,113] multiqc                                            [DEBUG  ]  No samples found: tophat
[2021-12-11 19:12:00,121] multiqc                                            [DEBUG  ]  No samples found: bowtie2
[2021-12-11 19:12:00,129] multiqc                                            [DEBUG  ]  No samples found: bowtie1
[2021-12-11 19:12:00,137] multiqc                                            [DEBUG  ]  No samples found: snpsplit
[2021-12-11 19:12:00,145] multiqc                                            [DEBUG  ]  No samples found: kat
[2021-12-11 19:12:00,153] multiqc                                            [DEBUG  ]  No samples found: leehom
[2021-12-11 19:12:00,161] multiqc                                            [DEBUG  ]  No samples found: adapterRemoval
[2021-12-11 19:12:00,169] multiqc                                            [DEBUG  ]  No samples found: clipandmerge
[2021-12-11 19:12:00,177] multiqc                                            [DEBUG  ]  No samples found: cutadapt
[2021-12-11 19:12:00,185] multiqc                                            [DEBUG  ]  No samples found: flexbar
[2021-12-11 19:12:00,193] multiqc                                            [DEBUG  ]  No samples found: kaiju
[2021-12-11 19:12:00,201] multiqc                                            [DEBUG  ]  No samples found: kraken
[2021-12-11 19:12:00,209] multiqc                                            [DEBUG  ]  No samples found: malt
[2021-12-11 19:12:00,217] multiqc                                            [DEBUG  ]  No samples found: trimmomatic
[2021-12-11 19:12:00,225] multiqc                                            [DEBUG  ]  No samples found: sickle
[2021-12-11 19:12:00,233] multiqc                                            [DEBUG  ]  No samples found: skewer
[2021-12-11 19:12:00,241] multiqc                                            [DEBUG  ]  No samples found: sortmerna
[2021-12-11 19:12:00,248] multiqc                                            [DEBUG  ]  No samples found: biobloomtools
[2021-12-11 19:12:00,256] multiqc                                            [DEBUG  ]  No samples found: fastq_screen
[2021-12-11 19:12:00,265] multiqc                                            [DEBUG  ]  No samples found: afterqc
[2021-12-11 19:12:00,273] multiqc                                            [DEBUG  ]  No samples found: fastp
[2021-12-11 19:12:00,281] multiqc                                            [DEBUG  ]  No samples found: fastqc
[2021-12-11 19:12:00,289] multiqc                                            [DEBUG  ]  No samples found: pychopper
[2021-12-11 19:12:00,297] multiqc                                            [DEBUG  ]  No samples found: pycoqc
[2021-12-11 19:12:00,305] multiqc                                            [DEBUG  ]  No samples found: minionqc
[2021-12-11 19:12:00,313] multiqc                                            [DEBUG  ]  No samples found: multivcfanalyzer
[2021-12-11 19:12:00,320] multiqc                                            [DEBUG  ]  No samples found: clusterflow
[2021-12-11 19:12:00,328] multiqc                                            [DEBUG  ]  No samples found: bcl2fastq
[2021-12-11 19:12:00,336] multiqc                                            [DEBUG  ]  No samples found: interop
[2021-12-11 19:12:00,344] multiqc                                            [DEBUG  ]  No samples found: ivar
[2021-12-11 19:12:00,352] multiqc                                            [DEBUG  ]  No samples found: flash
[2021-12-11 19:12:00,360] multiqc                                            [DEBUG  ]  No samples found: seqyclean
[2021-12-11 19:12:00,367] multiqc                                            [DEBUG  ]  No samples found: optitype
[2021-12-11 19:12:00,404] multiqc                                            [INFO   ]  Compressing plot data
[2021-12-11 19:12:00,485] multiqc                                            [INFO   ]  Report      : project/At_data/output/visualize/report/report_align_count.html
[2021-12-11 19:12:00,485] multiqc                                            [INFO   ]  Data        : project/At_data/output/visualize/report/report_align_count_data
[2021-12-11 19:12:00,485] multiqc                                            [DEBUG  ]  Moving data file from '/tmp/tmpx5d9r_mx/multiqc_data' to '/home/zpzhou/wuyue/snakemake/RNApipe/project/At_data/output/visualize/report/report_align_count_data'
[2021-12-11 19:12:00,651] multiqc                                            [INFO   ]  MultiQC complete
